========================================================================================
Report      : INFO
Date        : 2020-10-22T11:40:09+0200
Description : ---------------------------------------------------------------
              -- The service is using the following configuration settings --
              ---------------------------------------------------------------
              Domain (id)          : ospl_sp_ddsi (0)
              Storage              : 0 Kbytes
              Storage threshold    : 1024 Kbytes
              Storage address      : Not available
              Locking              : default
              Memory mode          : Heap memory
              Builtin topics       : true
              Priority inheritance : false
              SystemId             : 462954934 from [1,2147483647]
Node        : smartsoft-vm
Process     : java <7922>
Thread      : spliced 7f84bc010700
Internals   : 6.9.190705OSS/e85f0aa3/e85f0aa3/The OpenSplice domain service/u_domain.c/785/0/1603359609.861146574/0
========================================================================================
Report      : INFO
Date        : 2020-10-22T11:40:09+0200
Description : Service cmsoap disabled
Node        : smartsoft-vm
Process     : java <7922>
Thread      : spliced 7f84bc010700
Internals   : 6.9.190705OSS/e85f0aa3/e85f0aa3/OpenSplice domain service/sr_componentInfo.c/446/0/1603359609.861478105/0
========================================================================================
Report      : INFO
Date        : 2020-10-22T11:40:09+0200
Description : ++++++++++++++++++++++++++++++++++++++++++++++++
              ++ The service 'splicedaemon' is now operational. 
              ++++++++++++++++++++++++++++++++++++++++++++++++
Node        : smartsoft-vm
Process     : java <7922>
Thread      : spliced 7f84bc010700
Internals   : 6.9.190705OSS/e85f0aa3/e85f0aa3/v_serviceChangeState/v_service.c/266/0/1603359609.862001326/0
========================================================================================
Report      : WARNING
Date        : 2020-10-22T11:40:09+0200
Description : using network interface enp0s3 (192.168.1.50) selected arbitrarily from: enp0s3, docker0

Node        : smartsoft-vm
Process     : java <7922>
Thread      : ddsi2 7f84a5066700
Internals   : 6.9.190705OSS/e85f0aa3/e85f0aa3/ddsi2/q_nwif.c/989/0/1603359609.867119723/0
========================================================================================
Report      : INFO
Date        : 2020-10-22T11:40:09+0200
Description : ++++++++++++++++++++++++++++++++++++++++++++++++
              ++ The service 'ddsi2' is now operational. 
              ++++++++++++++++++++++++++++++++++++++++++++++++
Node        : smartsoft-vm
Process     : java <7922>
Thread      : ddsi2 7f84a5066700
Internals   : 6.9.190705OSS/e85f0aa3/e85f0aa3/v_serviceChangeState/v_service.c/266/0/1603359609.873163917/0
========================================================================================
Report      : INFO
Date        : 2020-10-22T11:40:10+0200
Description : The durability service can be identified by ID: 462954934
Node        : smartsoft-vm
Process     : java <7922>
Thread      : durability 7f84a540a700
Internals   : 6.9.190705OSS/e85f0aa3/e85f0aa3/DurabilityService/d_durability.c/554/0/1603359610.504611643/0
========================================================================================
Report      : INFO
Date        : 2020-10-22T11:40:17+0200
Description : ++++++++++++++++++++++++++++++++++++++++++++++++
              ++ The service 'durability' is now operational. 
              ++++++++++++++++++++++++++++++++++++++++++++++++
Node        : smartsoft-vm
Process     : java <7922>
Thread      : conflictResolver 7f84a4ccf700
Internals   : 6.9.190705OSS/e85f0aa3/e85f0aa3/v_serviceChangeState/v_service.c/266/0/1603359617.797672137/0
========================================================================================
Report      : INFO
Date        : 2020-10-22T11:49:06+0200
Description : ---------------------------------------------------------------
              -- The service is using the following configuration settings --
              ---------------------------------------------------------------
              Domain (id)          : ospl_sp_ddsi (0)
              Storage              : 0 Kbytes
              Storage threshold    : 1024 Kbytes
              Storage address      : Not available
              Locking              : default
              Memory mode          : Heap memory
              Builtin topics       : true
              Priority inheritance : false
              SystemId             : 1223689648 from [1,2147483647]
Node        : smartsoft-vm
Process     : java <8118>
Thread      : spliced 7f48e80e2700
Internals   : 6.9.190705OSS/e85f0aa3/e85f0aa3/The OpenSplice domain service/u_domain.c/785/0/1603360146.557169326/0
========================================================================================
Report      : INFO
Date        : 2020-10-22T11:49:06+0200
Description : Service cmsoap disabled
Node        : smartsoft-vm
Process     : java <8118>
Thread      : spliced 7f48e80e2700
Internals   : 6.9.190705OSS/e85f0aa3/e85f0aa3/OpenSplice domain service/sr_componentInfo.c/446/0/1603360146.564828115/0
========================================================================================
Report      : INFO
Date        : 2020-10-22T11:49:06+0200
Description : ++++++++++++++++++++++++++++++++++++++++++++++++
              ++ The service 'splicedaemon' is now operational. 
              ++++++++++++++++++++++++++++++++++++++++++++++++
Node        : smartsoft-vm
Process     : java <8118>
Thread      : spliced 7f48e80e2700
Internals   : 6.9.190705OSS/e85f0aa3/e85f0aa3/v_serviceChangeState/v_service.c/266/0/1603360146.565393292/0
========================================================================================
Report      : WARNING
Date        : 2020-10-22T11:49:06+0200
Description : using network interface enp0s3 (192.168.1.50) selected arbitrarily from: enp0s3, docker0

Node        : smartsoft-vm
Process     : java <8118>
Thread      : ddsi2 7f48ca7c7700
Internals   : 6.9.190705OSS/e85f0aa3/e85f0aa3/ddsi2/q_nwif.c/989/0/1603360146.580785416/0
========================================================================================
Report      : INFO
Date        : 2020-10-22T11:49:06+0200
Description : ++++++++++++++++++++++++++++++++++++++++++++++++
              ++ The service 'ddsi2' is now operational. 
              ++++++++++++++++++++++++++++++++++++++++++++++++
Node        : smartsoft-vm
Process     : java <8118>
Thread      : ddsi2 7f48ca7c7700
Internals   : 6.9.190705OSS/e85f0aa3/e85f0aa3/v_serviceChangeState/v_service.c/266/0/1603360146.584707128/0
========================================================================================
Report      : INFO
Date        : 2020-10-22T11:49:07+0200
Description : The durability service can be identified by ID: 1223689648
Node        : smartsoft-vm
Process     : java <8118>
Thread      : durability 7f48cab6b700
Internals   : 6.9.190705OSS/e85f0aa3/e85f0aa3/DurabilityService/d_durability.c/554/0/1603360147.095814493/0
========================================================================================
Report      : INFO
Date        : 2020-10-22T11:49:16+0200
Description : ++++++++++++++++++++++++++++++++++++++++++++++++
              ++ The service 'durability' is now operational. 
              ++++++++++++++++++++++++++++++++++++++++++++++++
Node        : smartsoft-vm
Process     : java <8118>
Thread      : conflictResolver 7f48ca441700
Internals   : 6.9.190705OSS/e85f0aa3/e85f0aa3/v_serviceChangeState/v_service.c/266/0/1603360156.926727913/0
========================================================================================
Report      : INFO
Date        : 2020-10-22T11:49:33+0200
Description : Missed heartbeat for node 480532455. (DCPSPublication is complete)
Node        : smartsoft-vm
Process     : java <8118>
Thread      : OSPL Garbage Collector 7f48cb40a700
Internals   : 6.9.190705OSS/e85f0aa3/e85f0aa3/v_spliced/v_spliced.c/2062/769/1603360173.505229765/0
========================================================================================
Report      : INFO
Date        : 2020-10-22T11:54:49+0200
Description : ---------------------------------------------------------------
              -- The service is using the following configuration settings --
              ---------------------------------------------------------------
              Domain (id)          : ospl_sp_ddsi (0)
              Storage              : 0 Kbytes
              Storage threshold    : 1024 Kbytes
              Storage address      : Not available
              Locking              : default
              Memory mode          : Heap memory
              Builtin topics       : true
              Priority inheritance : false
              SystemId             : 1233033083 from [1,2147483647]
Node        : smartsoft-vm
Process     : java <8423>
Thread      : spliced 7ff90c053700
Internals   : 6.9.190705OSS/e85f0aa3/e85f0aa3/The OpenSplice domain service/u_domain.c/785/0/1603360489.473641158/0
========================================================================================
Report      : INFO
Date        : 2020-10-22T11:54:49+0200
Description : Service cmsoap disabled
Node        : smartsoft-vm
Process     : java <8423>
Thread      : spliced 7ff90c053700
Internals   : 6.9.190705OSS/e85f0aa3/e85f0aa3/OpenSplice domain service/sr_componentInfo.c/446/0/1603360489.474037931/0
========================================================================================
Report      : INFO
Date        : 2020-10-22T11:54:49+0200
Description : ++++++++++++++++++++++++++++++++++++++++++++++++
              ++ The service 'splicedaemon' is now operational. 
              ++++++++++++++++++++++++++++++++++++++++++++++++
Node        : smartsoft-vm
Process     : java <8423>
Thread      : spliced 7ff90c053700
Internals   : 6.9.190705OSS/e85f0aa3/e85f0aa3/v_serviceChangeState/v_service.c/266/0/1603360489.474501915/0
========================================================================================
Report      : WARNING
Date        : 2020-10-22T11:54:49+0200
Description : using network interface enp0s3 (192.168.1.50) selected arbitrarily from: enp0s3, docker0

Node        : smartsoft-vm
Process     : java <8423>
Thread      : ddsi2 7ff8da7c7700
Internals   : 6.9.190705OSS/e85f0aa3/e85f0aa3/ddsi2/q_nwif.c/989/0/1603360489.481097902/0
========================================================================================
Report      : INFO
Date        : 2020-10-22T11:54:49+0200
Description : ++++++++++++++++++++++++++++++++++++++++++++++++
              ++ The service 'ddsi2' is now operational. 
              ++++++++++++++++++++++++++++++++++++++++++++++++
Node        : smartsoft-vm
Process     : java <8423>
Thread      : ddsi2 7ff8da7c7700
Internals   : 6.9.190705OSS/e85f0aa3/e85f0aa3/v_serviceChangeState/v_service.c/266/0/1603360489.484577737/0
========================================================================================
Report      : INFO
Date        : 2020-10-22T11:54:50+0200
Description : The durability service can be identified by ID: 1233033083
Node        : smartsoft-vm
Process     : java <8423>
Thread      : durability 7ff8dab6b700
Internals   : 6.9.190705OSS/e85f0aa3/e85f0aa3/DurabilityService/d_durability.c/554/0/1603360490.099145681/0
========================================================================================
Report      : INFO
Date        : 2020-10-22T11:57:33+0200
Description : ---------------------------------------------------------------
              -- The service is using the following configuration settings --
              ---------------------------------------------------------------
              Domain (id)          : ospl_sp_ddsi (0)
              Storage              : 0 Kbytes
              Storage threshold    : 1024 Kbytes
              Storage address      : Not available
              Locking              : default
              Memory mode          : Heap memory
              Builtin topics       : true
              Priority inheritance : false
              SystemId             : 1004633418 from [1,2147483647]
Node        : smartsoft-vm
Process     : java <8598>
Thread      : spliced 7f5d94180700
Internals   : 6.9.190705OSS/e85f0aa3/e85f0aa3/The OpenSplice domain service/u_domain.c/785/0/1603360653.165520517/0
========================================================================================
Report      : INFO
Date        : 2020-10-22T11:57:33+0200
Description : Service cmsoap disabled
Node        : smartsoft-vm
Process     : java <8598>
Thread      : spliced 7f5d94180700
Internals   : 6.9.190705OSS/e85f0aa3/e85f0aa3/OpenSplice domain service/sr_componentInfo.c/446/0/1603360653.166106642/0
========================================================================================
Report      : INFO
Date        : 2020-10-22T11:57:33+0200
Description : ++++++++++++++++++++++++++++++++++++++++++++++++
              ++ The service 'splicedaemon' is now operational. 
              ++++++++++++++++++++++++++++++++++++++++++++++++
Node        : smartsoft-vm
Process     : java <8598>
Thread      : spliced 7f5d94180700
Internals   : 6.9.190705OSS/e85f0aa3/e85f0aa3/v_serviceChangeState/v_service.c/266/0/1603360653.166811508/0
========================================================================================
Report      : WARNING
Date        : 2020-10-22T11:57:33+0200
Description : using network interface enp0s3 (192.168.1.50) selected arbitrarily from: enp0s3, docker0

Node        : smartsoft-vm
Process     : java <8598>
Thread      : ddsi2 7f5d63759700
Internals   : 6.9.190705OSS/e85f0aa3/e85f0aa3/ddsi2/q_nwif.c/989/0/1603360653.169503493/0
========================================================================================
Report      : INFO
Date        : 2020-10-22T11:57:33+0200
Description : ++++++++++++++++++++++++++++++++++++++++++++++++
              ++ The service 'ddsi2' is now operational. 
              ++++++++++++++++++++++++++++++++++++++++++++++++
Node        : smartsoft-vm
Process     : java <8598>
Thread      : ddsi2 7f5d63759700
Internals   : 6.9.190705OSS/e85f0aa3/e85f0aa3/v_serviceChangeState/v_service.c/266/0/1603360653.177359394/0
========================================================================================
Report      : INFO
Date        : 2020-10-22T11:57:33+0200
Description : The durability service can be identified by ID: 1004633418
Node        : smartsoft-vm
Process     : java <8598>
Thread      : durability 7f5d63afd700
Internals   : 6.9.190705OSS/e85f0aa3/e85f0aa3/DurabilityService/d_durability.c/554/0/1603360653.792724093/0
========================================================================================
Report      : INFO
Date        : 2020-10-22T11:57:43+0200
Description : ++++++++++++++++++++++++++++++++++++++++++++++++
              ++ The service 'durability' is now operational. 
              ++++++++++++++++++++++++++++++++++++++++++++++++
Node        : smartsoft-vm
Process     : java <8598>
Thread      : conflictResolver 7f5d634e0700
Internals   : 6.9.190705OSS/e85f0aa3/e85f0aa3/v_serviceChangeState/v_service.c/266/0/1603360663.585271732/0
========================================================================================
Report      : INFO
Date        : 2020-10-22T11:59:19+0200
Description : ---------------------------------------------------------------
              -- The service is using the following configuration settings --
              ---------------------------------------------------------------
              Domain (id)          : ospl_sp_ddsi (0)
              Storage              : 0 Kbytes
              Storage threshold    : 1024 Kbytes
              Storage address      : Not available
              Locking              : default
              Memory mode          : Heap memory
              Builtin topics       : true
              Priority inheritance : false
              SystemId             : 1917783657 from [1,2147483647]
Node        : smartsoft-vm
Process     : java <8827>
Thread      : spliced 7ff16804c700
Internals   : 6.9.190705OSS/e85f0aa3/e85f0aa3/The OpenSplice domain service/u_domain.c/785/0/1603360759.448743704/0
========================================================================================
Report      : INFO
Date        : 2020-10-22T11:59:19+0200
Description : Service cmsoap disabled
Node        : smartsoft-vm
Process     : java <8827>
Thread      : spliced 7ff16804c700
Internals   : 6.9.190705OSS/e85f0aa3/e85f0aa3/OpenSplice domain service/sr_componentInfo.c/446/0/1603360759.449200763/0
========================================================================================
Report      : INFO
Date        : 2020-10-22T11:59:19+0200
Description : ++++++++++++++++++++++++++++++++++++++++++++++++
              ++ The service 'splicedaemon' is now operational. 
              ++++++++++++++++++++++++++++++++++++++++++++++++
Node        : smartsoft-vm
Process     : java <8827>
Thread      : spliced 7ff16804c700
Internals   : 6.9.190705OSS/e85f0aa3/e85f0aa3/v_serviceChangeState/v_service.c/266/0/1603360759.449678803/0
========================================================================================
Report      : WARNING
Date        : 2020-10-22T11:59:19+0200
Description : using network interface enp0s3 (192.168.1.50) selected arbitrarily from: enp0s3, docker0

Node        : smartsoft-vm
Process     : java <8827>
Thread      : ddsi2 7ff1365c7700
Internals   : 6.9.190705OSS/e85f0aa3/e85f0aa3/ddsi2/q_nwif.c/989/0/1603360759.452254126/0
========================================================================================
Report      : INFO
Date        : 2020-10-22T11:59:19+0200
Description : ++++++++++++++++++++++++++++++++++++++++++++++++
              ++ The service 'ddsi2' is now operational. 
              ++++++++++++++++++++++++++++++++++++++++++++++++
Node        : smartsoft-vm
Process     : java <8827>
Thread      : ddsi2 7ff1365c7700
Internals   : 6.9.190705OSS/e85f0aa3/e85f0aa3/v_serviceChangeState/v_service.c/266/0/1603360759.460385826/0
========================================================================================
Report      : INFO
Date        : 2020-10-22T11:59:20+0200
Description : The durability service can be identified by ID: 1917783657
Node        : smartsoft-vm
Process     : java <8827>
Thread      : durability 7ff13696b700
Internals   : 6.9.190705OSS/e85f0aa3/e85f0aa3/DurabilityService/d_durability.c/554/0/1603360760.080475007/0
========================================================================================
Report      : INFO
Date        : 2020-10-22T11:59:27+0200
Description : ++++++++++++++++++++++++++++++++++++++++++++++++
              ++ The service 'durability' is now operational. 
              ++++++++++++++++++++++++++++++++++++++++++++++++
Node        : smartsoft-vm
Process     : java <8827>
Thread      : conflictResolver 7ff136241700
Internals   : 6.9.190705OSS/e85f0aa3/e85f0aa3/v_serviceChangeState/v_service.c/266/0/1603360767.777795162/0
========================================================================================
Report      : INFO
Date        : 2020-10-22T12:10:21+0200
Description : ---------------------------------------------------------------
              -- The service is using the following configuration settings --
              ---------------------------------------------------------------
              Domain (id)          : ospl_sp_ddsi (0)
              Storage              : 0 Kbytes
              Storage threshold    : 1024 Kbytes
              Storage address      : Not available
              Locking              : default
              Memory mode          : Heap memory
              Builtin topics       : true
              Priority inheritance : false
              SystemId             : 2061401283 from [1,2147483647]
Node        : smartsoft-vm
Process     : java <9063>
Thread      : spliced 7f2b00059700
Internals   : 6.9.190705OSS/e85f0aa3/e85f0aa3/The OpenSplice domain service/u_domain.c/785/0/1603361421.117285107/0
========================================================================================
Report      : INFO
Date        : 2020-10-22T12:10:21+0200
Description : Service cmsoap disabled
Node        : smartsoft-vm
Process     : java <9063>
Thread      : spliced 7f2b00059700
Internals   : 6.9.190705OSS/e85f0aa3/e85f0aa3/OpenSplice domain service/sr_componentInfo.c/446/0/1603361421.133655394/0
========================================================================================
Report      : INFO
Date        : 2020-10-22T12:10:21+0200
Description : ++++++++++++++++++++++++++++++++++++++++++++++++
              ++ The service 'splicedaemon' is now operational. 
              ++++++++++++++++++++++++++++++++++++++++++++++++
Node        : smartsoft-vm
Process     : java <9063>
Thread      : spliced 7f2b00059700
Internals   : 6.9.190705OSS/e85f0aa3/e85f0aa3/v_serviceChangeState/v_service.c/266/0/1603361421.148453797/0
========================================================================================
Report      : WARNING
Date        : 2020-10-22T12:10:21+0200
Description : using network interface enp0s3 (192.168.1.50) selected arbitrarily from: enp0s3, docker0

Node        : smartsoft-vm
Process     : java <9063>
Thread      : ddsi2 7f2ace22c700
Internals   : 6.9.190705OSS/e85f0aa3/e85f0aa3/ddsi2/q_nwif.c/989/0/1603361421.155457061/0
========================================================================================
Report      : INFO
Date        : 2020-10-22T12:10:21+0200
Description : ++++++++++++++++++++++++++++++++++++++++++++++++
              ++ The service 'ddsi2' is now operational. 
              ++++++++++++++++++++++++++++++++++++++++++++++++
Node        : smartsoft-vm
Process     : java <9063>
Thread      : ddsi2 7f2ace22c700
Internals   : 6.9.190705OSS/e85f0aa3/e85f0aa3/v_serviceChangeState/v_service.c/266/0/1603361421.159423520/0
========================================================================================
Report      : INFO
Date        : 2020-10-22T12:10:22+0200
Description : The durability service can be identified by ID: 2061401283
Node        : smartsoft-vm
Process     : java <9063>
Thread      : durability 7f2ace5d0700
Internals   : 6.9.190705OSS/e85f0aa3/e85f0aa3/DurabilityService/d_durability.c/554/0/1603361422.290060938/0
========================================================================================
Report      : INFO
Date        : 2020-10-22T12:10:39+0200
Description : Missed heartbeat for node 1861089731. (DCPSPublication is complete)
Node        : smartsoft-vm
Process     : java <9063>
Thread      : OSPL Garbage Collector 7f2acee6f700
Internals   : 6.9.190705OSS/e85f0aa3/e85f0aa3/v_spliced/v_spliced.c/2062/769/1603361439.778236104/0
========================================================================================
Report      : INFO
Date        : 2020-10-22T12:11:47+0200
Description : ---------------------------------------------------------------
              -- The service is using the following configuration settings --
              ---------------------------------------------------------------
              Domain (id)          : ospl_sp_ddsi (0)
              Storage              : 0 Kbytes
              Storage threshold    : 1024 Kbytes
              Storage address      : Not available
              Locking              : default
              Memory mode          : Heap memory
              Builtin topics       : true
              Priority inheritance : false
              SystemId             : 1091540376 from [1,2147483647]
Node        : smartsoft-vm
Process     : java <9345>
Thread      : spliced 7f469813a700
Internals   : 6.9.190705OSS/e85f0aa3/e85f0aa3/The OpenSplice domain service/u_domain.c/785/0/1603361507.422522598/0
========================================================================================
Report      : INFO
Date        : 2020-10-22T12:11:47+0200
Description : Service cmsoap disabled
Node        : smartsoft-vm
Process     : java <9345>
Thread      : spliced 7f469813a700
Internals   : 6.9.190705OSS/e85f0aa3/e85f0aa3/OpenSplice domain service/sr_componentInfo.c/446/0/1603361507.422887872/0
========================================================================================
Report      : INFO
Date        : 2020-10-22T12:11:47+0200
Description : ++++++++++++++++++++++++++++++++++++++++++++++++
              ++ The service 'splicedaemon' is now operational. 
              ++++++++++++++++++++++++++++++++++++++++++++++++
Node        : smartsoft-vm
Process     : java <9345>
Thread      : spliced 7f469813a700
Internals   : 6.9.190705OSS/e85f0aa3/e85f0aa3/v_serviceChangeState/v_service.c/266/0/1603361507.423348580/0
========================================================================================
Report      : WARNING
Date        : 2020-10-22T12:11:47+0200
Description : using network interface enp0s3 (192.168.1.50) selected arbitrarily from: enp0s3, docker0

Node        : smartsoft-vm
Process     : java <9345>
Thread      : ddsi2 7f4667759700
Internals   : 6.9.190705OSS/e85f0aa3/e85f0aa3/ddsi2/q_nwif.c/989/0/1603361507.430003469/0
========================================================================================
Report      : INFO
Date        : 2020-10-22T12:11:47+0200
Description : ++++++++++++++++++++++++++++++++++++++++++++++++
              ++ The service 'ddsi2' is now operational. 
              ++++++++++++++++++++++++++++++++++++++++++++++++
Node        : smartsoft-vm
Process     : java <9345>
Thread      : ddsi2 7f4667759700
Internals   : 6.9.190705OSS/e85f0aa3/e85f0aa3/v_serviceChangeState/v_service.c/266/0/1603361507.433622363/0
========================================================================================
Report      : INFO
Date        : 2020-10-22T12:11:47+0200
Description : The durability service can be identified by ID: 1091540376
Node        : smartsoft-vm
Process     : java <9345>
Thread      : durability 7f4667afd700
Internals   : 6.9.190705OSS/e85f0aa3/e85f0aa3/DurabilityService/d_durability.c/554/0/1603361507.943067899/0
========================================================================================
Report      : INFO
Date        : 2020-10-22T12:11:57+0200
Description : ++++++++++++++++++++++++++++++++++++++++++++++++
              ++ The service 'durability' is now operational. 
              ++++++++++++++++++++++++++++++++++++++++++++++++
Node        : smartsoft-vm
Process     : java <9345>
Thread      : conflictResolver 7f466749c700
Internals   : 6.9.190705OSS/e85f0aa3/e85f0aa3/v_serviceChangeState/v_service.c/266/0/1603361517.763687160/0
========================================================================================
Report      : INFO
Date        : 2020-10-22T12:14:53+0200
Description : ---------------------------------------------------------------
              -- The service is using the following configuration settings --
              ---------------------------------------------------------------
              Domain (id)          : ospl_sp_ddsi (0)
              Storage              : 0 Kbytes
              Storage threshold    : 1024 Kbytes
              Storage address      : Not available
              Locking              : default
              Memory mode          : Heap memory
              Builtin topics       : true
              Priority inheritance : false
              SystemId             : 31185211 from [1,2147483647]
Node        : smartsoft-vm
Process     : java <9657>
Thread      : spliced 7f0747060700
Internals   : 6.9.190705OSS/e85f0aa3/e85f0aa3/The OpenSplice domain service/u_domain.c/785/0/1603361693.049997426/0
========================================================================================
Report      : INFO
Date        : 2020-10-22T12:14:53+0200
Description : Service cmsoap disabled
Node        : smartsoft-vm
Process     : java <9657>
Thread      : spliced 7f0747060700
Internals   : 6.9.190705OSS/e85f0aa3/e85f0aa3/OpenSplice domain service/sr_componentInfo.c/446/0/1603361693.050372770/0
========================================================================================
Report      : INFO
Date        : 2020-10-22T12:14:53+0200
Description : ++++++++++++++++++++++++++++++++++++++++++++++++
              ++ The service 'splicedaemon' is now operational. 
              ++++++++++++++++++++++++++++++++++++++++++++++++
Node        : smartsoft-vm
Process     : java <9657>
Thread      : spliced 7f0747060700
Internals   : 6.9.190705OSS/e85f0aa3/e85f0aa3/v_serviceChangeState/v_service.c/266/0/1603361693.050804638/0
========================================================================================
Report      : WARNING
Date        : 2020-10-22T12:14:53+0200
Description : using network interface enp0s3 (192.168.1.50) selected arbitrarily from: enp0s3, docker0

Node        : smartsoft-vm
Process     : java <9657>
Thread      : ddsi2 7f07461d5700
Internals   : 6.9.190705OSS/e85f0aa3/e85f0aa3/ddsi2/q_nwif.c/989/0/1603361693.057496440/0
========================================================================================
Report      : INFO
Date        : 2020-10-22T12:14:53+0200
Description : ++++++++++++++++++++++++++++++++++++++++++++++++
              ++ The service 'ddsi2' is now operational. 
              ++++++++++++++++++++++++++++++++++++++++++++++++
Node        : smartsoft-vm
Process     : java <9657>
Thread      : ddsi2 7f07461d5700
Internals   : 6.9.190705OSS/e85f0aa3/e85f0aa3/v_serviceChangeState/v_service.c/266/0/1603361693.060572835/0
========================================================================================
Report      : INFO
Date        : 2020-10-22T12:14:53+0200
Description : The durability service can be identified by ID: 31185211
Node        : smartsoft-vm
Process     : java <9657>
Thread      : durability 7f0746579700
Internals   : 6.9.190705OSS/e85f0aa3/e85f0aa3/DurabilityService/d_durability.c/554/0/1603361693.471191857/0
========================================================================================
Report      : INFO
Date        : 2020-10-22T12:15:01+0200
Description : ++++++++++++++++++++++++++++++++++++++++++++++++
              ++ The service 'durability' is now operational. 
              ++++++++++++++++++++++++++++++++++++++++++++++++
Node        : smartsoft-vm
Process     : java <9657>
Thread      : conflictResolver 7f0745e3e700
Internals   : 6.9.190705OSS/e85f0aa3/e85f0aa3/v_serviceChangeState/v_service.c/266/0/1603361701.161469647/0
========================================================================================
Report      : INFO
Date        : 2020-10-22T12:15:25+0200
Description : ---------------------------------------------------------------
              -- The service is using the following configuration settings --
              ---------------------------------------------------------------
              Domain (id)          : ospl_sp_ddsi (0)
              Storage              : 0 Kbytes
              Storage threshold    : 1024 Kbytes
              Storage address      : Not available
              Locking              : default
              Memory mode          : Heap memory
              Builtin topics       : true
              Priority inheritance : false
              SystemId             : 897246317 from [1,2147483647]
Node        : smartsoft-vm
Process     : java <9808>
Thread      : spliced 7ff9b0030700
Internals   : 6.9.190705OSS/e85f0aa3/e85f0aa3/The OpenSplice domain service/u_domain.c/785/0/1603361725.979075827/0
========================================================================================
Report      : INFO
Date        : 2020-10-22T12:15:25+0200
Description : Service cmsoap disabled
Node        : smartsoft-vm
Process     : java <9808>
Thread      : spliced 7ff9b0030700
Internals   : 6.9.190705OSS/e85f0aa3/e85f0aa3/OpenSplice domain service/sr_componentInfo.c/446/0/1603361725.979445912/0
========================================================================================
Report      : INFO
Date        : 2020-10-22T12:15:25+0200
Description : ++++++++++++++++++++++++++++++++++++++++++++++++
              ++ The service 'splicedaemon' is now operational. 
              ++++++++++++++++++++++++++++++++++++++++++++++++
Node        : smartsoft-vm
Process     : java <9808>
Thread      : spliced 7ff9b0030700
Internals   : 6.9.190705OSS/e85f0aa3/e85f0aa3/v_serviceChangeState/v_service.c/266/0/1603361725.979883079/0
========================================================================================
Report      : WARNING
Date        : 2020-10-22T12:15:25+0200
Description : using network interface enp0s3 (192.168.1.50) selected arbitrarily from: enp0s3, docker0

Node        : smartsoft-vm
Process     : java <9808>
Thread      : ddsi2 7ff995441700
Internals   : 6.9.190705OSS/e85f0aa3/e85f0aa3/ddsi2/q_nwif.c/989/0/1603361725.986477153/0
========================================================================================
Report      : INFO
Date        : 2020-10-22T12:15:25+0200
Description : ++++++++++++++++++++++++++++++++++++++++++++++++
              ++ The service 'ddsi2' is now operational. 
              ++++++++++++++++++++++++++++++++++++++++++++++++
Node        : smartsoft-vm
Process     : java <9808>
Thread      : ddsi2 7ff995441700
Internals   : 6.9.190705OSS/e85f0aa3/e85f0aa3/v_serviceChangeState/v_service.c/266/0/1603361725.990158297/0
========================================================================================
Report      : INFO
Date        : 2020-10-22T12:15:27+0200
Description : The durability service can be identified by ID: 897246317
Node        : smartsoft-vm
Process     : java <9808>
Thread      : durability 7ff9957e5700
Internals   : 6.9.190705OSS/e85f0aa3/e85f0aa3/DurabilityService/d_durability.c/554/0/1603361727.111275268/0
========================================================================================
Report      : INFO
Date        : 2020-10-22T12:15:32+0200
Description : ---------------------------------------------------------------
              -- The service is using the following configuration settings --
              ---------------------------------------------------------------
              Domain (id)          : ospl_sp_ddsi (0)
              Storage              : 0 Kbytes
              Storage threshold    : 1024 Kbytes
              Storage address      : Not available
              Locking              : default
              Memory mode          : Heap memory
              Builtin topics       : true
              Priority inheritance : false
              SystemId             : 1656135466 from [1,2147483647]
Node        : smartsoft-vm
Process     : java <9956>
Thread      : spliced 7f3ffc07c700
Internals   : 6.9.190705OSS/e85f0aa3/e85f0aa3/The OpenSplice domain service/u_domain.c/785/0/1603361732.109852569/0
========================================================================================
Report      : INFO
Date        : 2020-10-22T12:15:32+0200
Description : Service cmsoap disabled
Node        : smartsoft-vm
Process     : java <9956>
Thread      : spliced 7f3ffc07c700
Internals   : 6.9.190705OSS/e85f0aa3/e85f0aa3/OpenSplice domain service/sr_componentInfo.c/446/0/1603361732.110263839/0
========================================================================================
Report      : INFO
Date        : 2020-10-22T12:15:32+0200
Description : ++++++++++++++++++++++++++++++++++++++++++++++++
              ++ The service 'splicedaemon' is now operational. 
              ++++++++++++++++++++++++++++++++++++++++++++++++
Node        : smartsoft-vm
Process     : java <9956>
Thread      : spliced 7f3ffc07c700
Internals   : 6.9.190705OSS/e85f0aa3/e85f0aa3/v_serviceChangeState/v_service.c/266/0/1603361732.110721161/0
========================================================================================
Report      : WARNING
Date        : 2020-10-22T12:15:32+0200
Description : using network interface enp0s3 (192.168.1.50) selected arbitrarily from: enp0s3, docker0

Node        : smartsoft-vm
Process     : java <9956>
Thread      : ddsi2 7f3ff5441700
Internals   : 6.9.190705OSS/e85f0aa3/e85f0aa3/ddsi2/q_nwif.c/989/0/1603361732.117203003/0
========================================================================================
Report      : INFO
Date        : 2020-10-22T12:15:32+0200
Description : ++++++++++++++++++++++++++++++++++++++++++++++++
              ++ The service 'ddsi2' is now operational. 
              ++++++++++++++++++++++++++++++++++++++++++++++++
Node        : smartsoft-vm
Process     : java <9956>
Thread      : ddsi2 7f3ff5441700
Internals   : 6.9.190705OSS/e85f0aa3/e85f0aa3/v_serviceChangeState/v_service.c/266/0/1603361732.120779594/0
========================================================================================
Report      : INFO
Date        : 2020-10-22T12:15:33+0200
Description : The durability service can be identified by ID: 1656135466
Node        : smartsoft-vm
Process     : java <9956>
Thread      : durability 7f3ff57e5700
Internals   : 6.9.190705OSS/e85f0aa3/e85f0aa3/DurabilityService/d_durability.c/554/0/1603361733.148179006/0
========================================================================================
Report      : INFO
Date        : 2020-10-22T12:15:45+0200
Description : ++++++++++++++++++++++++++++++++++++++++++++++++
              ++ The service 'durability' is now operational. 
              ++++++++++++++++++++++++++++++++++++++++++++++++
Node        : smartsoft-vm
Process     : java <9956>
Thread      : conflictResolver 7f3ff50dd700
Internals   : 6.9.190705OSS/e85f0aa3/e85f0aa3/v_serviceChangeState/v_service.c/266/0/1603361745.288868700/0
========================================================================================
Report      : INFO
Date        : 2020-10-22T12:16:44+0200
Description : ---------------------------------------------------------------
              -- The service is using the following configuration settings --
              ---------------------------------------------------------------
              Domain (id)          : ospl_sp_ddsi (0)
              Storage              : 0 Kbytes
              Storage threshold    : 1024 Kbytes
              Storage address      : Not available
              Locking              : default
              Memory mode          : Heap memory
              Builtin topics       : true
              Priority inheritance : false
              SystemId             : 1594534870 from [1,2147483647]
Node        : smartsoft-vm
Process     : java <10207>
Thread      : spliced 7f1fc80e9700
Internals   : 6.9.190705OSS/e85f0aa3/e85f0aa3/The OpenSplice domain service/u_domain.c/785/0/1603361804.162446656/0
========================================================================================
Report      : INFO
Date        : 2020-10-22T12:16:44+0200
Description : Service cmsoap disabled
Node        : smartsoft-vm
Process     : java <10207>
Thread      : spliced 7f1fc80e9700
Internals   : 6.9.190705OSS/e85f0aa3/e85f0aa3/OpenSplice domain service/sr_componentInfo.c/446/0/1603361804.162795024/0
========================================================================================
Report      : INFO
Date        : 2020-10-22T12:16:44+0200
Description : ++++++++++++++++++++++++++++++++++++++++++++++++
              ++ The service 'splicedaemon' is now operational. 
              ++++++++++++++++++++++++++++++++++++++++++++++++
Node        : smartsoft-vm
Process     : java <10207>
Thread      : spliced 7f1fc80e9700
Internals   : 6.9.190705OSS/e85f0aa3/e85f0aa3/v_serviceChangeState/v_service.c/266/0/1603361804.163217221/0
========================================================================================
Report      : WARNING
Date        : 2020-10-22T12:16:44+0200
Description : using network interface enp0s3 (192.168.1.50) selected arbitrarily from: enp0s3, docker0

Node        : smartsoft-vm
Process     : java <10207>
Thread      : ddsi2 7f1faa19b700
Internals   : 6.9.190705OSS/e85f0aa3/e85f0aa3/ddsi2/q_nwif.c/989/0/1603361804.170065120/0
========================================================================================
Report      : INFO
Date        : 2020-10-22T12:16:44+0200
Description : ++++++++++++++++++++++++++++++++++++++++++++++++
              ++ The service 'ddsi2' is now operational. 
              ++++++++++++++++++++++++++++++++++++++++++++++++
Node        : smartsoft-vm
Process     : java <10207>
Thread      : ddsi2 7f1faa19b700
Internals   : 6.9.190705OSS/e85f0aa3/e85f0aa3/v_serviceChangeState/v_service.c/266/0/1603361804.173808679/0
========================================================================================
Report      : INFO
Date        : 2020-10-22T12:16:44+0200
Description : The durability service can be identified by ID: 1594534870
Node        : smartsoft-vm
Process     : java <10207>
Thread      : durability 7f1faa53f700
Internals   : 6.9.190705OSS/e85f0aa3/e85f0aa3/DurabilityService/d_durability.c/554/0/1603361804.688773641/0
========================================================================================
Report      : INFO
Date        : 2020-10-22T12:16:54+0200
Description : ++++++++++++++++++++++++++++++++++++++++++++++++
              ++ The service 'durability' is now operational. 
              ++++++++++++++++++++++++++++++++++++++++++++++++
Node        : smartsoft-vm
Process     : java <10207>
Thread      : conflictResolver 7f1fa9e67700
Internals   : 6.9.190705OSS/e85f0aa3/e85f0aa3/v_serviceChangeState/v_service.c/266/0/1603361814.556982085/0
========================================================================================
Report      : INFO
Date        : 2020-10-22T12:17:59+0200
Description : ---------------------------------------------------------------
              -- The service is using the following configuration settings --
              ---------------------------------------------------------------
              Domain (id)          : ospl_sp_ddsi (0)
              Storage              : 0 Kbytes
              Storage threshold    : 1024 Kbytes
              Storage address      : Not available
              Locking              : default
              Memory mode          : Heap memory
              Builtin topics       : true
              Priority inheritance : false
              SystemId             : 1930646961 from [1,2147483647]
Node        : smartsoft-vm
Process     : java <10371>
Thread      : spliced 7fe6b8172700
Internals   : 6.9.190705OSS/e85f0aa3/e85f0aa3/The OpenSplice domain service/u_domain.c/785/0/1603361879.772529581/0
========================================================================================
Report      : INFO
Date        : 2020-10-22T12:17:59+0200
Description : Service cmsoap disabled
Node        : smartsoft-vm
Process     : java <10371>
Thread      : spliced 7fe6b8172700
Internals   : 6.9.190705OSS/e85f0aa3/e85f0aa3/OpenSplice domain service/sr_componentInfo.c/446/0/1603361879.773011541/0
========================================================================================
Report      : INFO
Date        : 2020-10-22T12:17:59+0200
Description : ++++++++++++++++++++++++++++++++++++++++++++++++
              ++ The service 'splicedaemon' is now operational. 
              ++++++++++++++++++++++++++++++++++++++++++++++++
Node        : smartsoft-vm
Process     : java <10371>
Thread      : spliced 7fe6b8172700
Internals   : 6.9.190705OSS/e85f0aa3/e85f0aa3/v_serviceChangeState/v_service.c/266/0/1603361879.773655038/0
========================================================================================
Report      : WARNING
Date        : 2020-10-22T12:17:59+0200
Description : using network interface enp0s3 (192.168.1.50) selected arbitrarily from: enp0s3, docker0

Node        : smartsoft-vm
Process     : java <10371>
Thread      : ddsi2 7fe69b0a9700
Internals   : 6.9.190705OSS/e85f0aa3/e85f0aa3/ddsi2/q_nwif.c/989/0/1603361879.776394814/0
========================================================================================
Report      : INFO
Date        : 2020-10-22T12:17:59+0200
Description : ++++++++++++++++++++++++++++++++++++++++++++++++
              ++ The service 'ddsi2' is now operational. 
              ++++++++++++++++++++++++++++++++++++++++++++++++
Node        : smartsoft-vm
Process     : java <10371>
Thread      : ddsi2 7fe69b0a9700
Internals   : 6.9.190705OSS/e85f0aa3/e85f0aa3/v_serviceChangeState/v_service.c/266/0/1603361879.784463800/0
========================================================================================
Report      : INFO
Date        : 2020-10-22T12:18:00+0200
Description : The durability service can be identified by ID: 1930646961
Node        : smartsoft-vm
Process     : java <10371>
Thread      : durability 7fe69b44d700
Internals   : 6.9.190705OSS/e85f0aa3/e85f0aa3/DurabilityService/d_durability.c/554/0/1603361880.299973691/0
========================================================================================
Report      : INFO
Date        : 2020-10-22T12:18:02+0200
Description : ================================================
              == The service 'ddsi2' has now terminated. 
              ================================================
Node        : smartsoft-vm
Process     : java <10371>
Thread      : ddsi2 7fe69b0a9700
Internals   : 6.9.190705OSS/e85f0aa3/e85f0aa3/v_serviceChangeState/v_service.c/273/0/1603361882.155475777/0
========================================================================================
Report      : INFO
Date        : 2020-10-22T12:18:03+0200
Description : ================================================
              == The service 'durability' has now terminated. 
              ================================================
Node        : smartsoft-vm
Process     : java <10371>
Thread      : durability 7fe69b44d700
Internals   : 6.9.190705OSS/e85f0aa3/e85f0aa3/v_serviceChangeState/v_service.c/273/0/1603361883.120133915/0
========================================================================================
Report      : INFO
Date        : 2020-10-22T12:18:03+0200
Description : ================================================
              == The service 'splicedaemon' has now terminated. 
              ================================================
Node        : smartsoft-vm
Process     : java <10371>
Thread      : spliced 7fe6b8172700
Internals   : 6.9.190705OSS/e85f0aa3/e85f0aa3/v_serviceChangeState/v_service.c/273/0/1603361883.120646825/0
========================================================================================
Report      : INFO
Date        : 2020-10-22T12:18:03+0200
Description : Removed 9395 objects
Node        : smartsoft-vm
Process     : java <10371>
Thread      : main thread 7fe6d16cc700
Internals   : 6.9.190705OSS/e85f0aa3/e85f0aa3/Database close/c_base.c/3272/0/1603361883.222502051/0
========================================================================================
Report      : INFO
Date        : 2020-10-22T12:21:04+0200
Description : ---------------------------------------------------------------
              -- The service is using the following configuration settings --
              ---------------------------------------------------------------
              Domain (id)          : ospl_sp_ddsi (0)
              Storage              : 0 Kbytes
              Storage threshold    : 1024 Kbytes
              Storage address      : Not available
              Locking              : default
              Memory mode          : Heap memory
              Builtin topics       : true
              Priority inheritance : false
              SystemId             : 623899326 from [1,2147483647]
Node        : smartsoft-vm
Process     : java <10564>
Thread      : spliced 7f956c01d700
Internals   : 6.9.190705OSS/e85f0aa3/e85f0aa3/The OpenSplice domain service/u_domain.c/785/0/1603362064.450345029/0
========================================================================================
Report      : INFO
Date        : 2020-10-22T12:21:04+0200
Description : Service cmsoap disabled
Node        : smartsoft-vm
Process     : java <10564>
Thread      : spliced 7f956c01d700
Internals   : 6.9.190705OSS/e85f0aa3/e85f0aa3/OpenSplice domain service/sr_componentInfo.c/446/0/1603362064.450822168/0
========================================================================================
Report      : INFO
Date        : 2020-10-22T12:21:04+0200
Description : ++++++++++++++++++++++++++++++++++++++++++++++++
              ++ The service 'splicedaemon' is now operational. 
              ++++++++++++++++++++++++++++++++++++++++++++++++
Node        : smartsoft-vm
Process     : java <10564>
Thread      : spliced 7f956c01d700
Internals   : 6.9.190705OSS/e85f0aa3/e85f0aa3/v_serviceChangeState/v_service.c/266/0/1603362064.451297245/0
========================================================================================
Report      : WARNING
Date        : 2020-10-22T12:21:04+0200
Description : using network interface enp0s3 (192.168.1.50) selected arbitrarily from: enp0s3, docker0

Node        : smartsoft-vm
Process     : java <10564>
Thread      : ddsi2 7f953a20a700
Internals   : 6.9.190705OSS/e85f0aa3/e85f0aa3/ddsi2/q_nwif.c/989/0/1603362064.453886550/0
========================================================================================
Report      : INFO
Date        : 2020-10-22T12:21:04+0200
Description : ++++++++++++++++++++++++++++++++++++++++++++++++
              ++ The service 'ddsi2' is now operational. 
              ++++++++++++++++++++++++++++++++++++++++++++++++
Node        : smartsoft-vm
Process     : java <10564>
Thread      : ddsi2 7f953a20a700
Internals   : 6.9.190705OSS/e85f0aa3/e85f0aa3/v_serviceChangeState/v_service.c/266/0/1603362064.461554216/0
========================================================================================
Report      : INFO
Date        : 2020-10-22T12:21:05+0200
Description : The durability service can be identified by ID: 623899326
Node        : smartsoft-vm
Process     : java <10564>
Thread      : durability 7f953a5ae700
Internals   : 6.9.190705OSS/e85f0aa3/e85f0aa3/DurabilityService/d_durability.c/554/0/1603362065.079262072/0
========================================================================================
Report      : INFO
Date        : 2020-10-22T12:21:12+0200
Description : ---------------------------------------------------------------
              -- The service is using the following configuration settings --
              ---------------------------------------------------------------
              Domain (id)          : ospl_sp_ddsi (0)
              Storage              : 0 Kbytes
              Storage threshold    : 1024 Kbytes
              Storage address      : Not available
              Locking              : default
              Memory mode          : Heap memory
              Builtin topics       : true
              Priority inheritance : false
              SystemId             : 433803044 from [1,2147483647]
Node        : smartsoft-vm
Process     : java <10707>
Thread      : spliced 7f43f5f2a700
Internals   : 6.9.190705OSS/e85f0aa3/e85f0aa3/The OpenSplice domain service/u_domain.c/785/0/1603362072.464095185/0
========================================================================================
Report      : INFO
Date        : 2020-10-22T12:21:12+0200
Description : Service cmsoap disabled
Node        : smartsoft-vm
Process     : java <10707>
Thread      : spliced 7f43f5f2a700
Internals   : 6.9.190705OSS/e85f0aa3/e85f0aa3/OpenSplice domain service/sr_componentInfo.c/446/0/1603362072.464595011/0
========================================================================================
Report      : INFO
Date        : 2020-10-22T12:21:12+0200
Description : ++++++++++++++++++++++++++++++++++++++++++++++++
              ++ The service 'splicedaemon' is now operational. 
              ++++++++++++++++++++++++++++++++++++++++++++++++
Node        : smartsoft-vm
Process     : java <10707>
Thread      : spliced 7f43f5f2a700
Internals   : 6.9.190705OSS/e85f0aa3/e85f0aa3/v_serviceChangeState/v_service.c/266/0/1603362072.465140209/0
========================================================================================
Report      : WARNING
Date        : 2020-10-22T12:21:12+0200
Description : using network interface enp0s3 (192.168.1.50) selected arbitrarily from: enp0s3, docker0

Node        : smartsoft-vm
Process     : java <10707>
Thread      : ddsi2 7f43f509f700
Internals   : 6.9.190705OSS/e85f0aa3/e85f0aa3/ddsi2/q_nwif.c/989/0/1603362072.467882610/0
========================================================================================
Report      : INFO
Date        : 2020-10-22T12:21:12+0200
Description : ++++++++++++++++++++++++++++++++++++++++++++++++
              ++ The service 'ddsi2' is now operational. 
              ++++++++++++++++++++++++++++++++++++++++++++++++
Node        : smartsoft-vm
Process     : java <10707>
Thread      : ddsi2 7f43f509f700
Internals   : 6.9.190705OSS/e85f0aa3/e85f0aa3/v_serviceChangeState/v_service.c/266/0/1603362072.475954318/0
========================================================================================
Report      : INFO
Date        : 2020-10-22T12:21:12+0200
Description : The durability service can be identified by ID: 433803044
Node        : smartsoft-vm
Process     : java <10707>
Thread      : durability 7f43f5443700
Internals   : 6.9.190705OSS/e85f0aa3/e85f0aa3/DurabilityService/d_durability.c/554/0/1603362072.898259481/0
========================================================================================
Report      : INFO
Date        : 2020-10-22T12:21:27+0200
Description : ++++++++++++++++++++++++++++++++++++++++++++++++
              ++ The service 'durability' is now operational. 
              ++++++++++++++++++++++++++++++++++++++++++++++++
Node        : smartsoft-vm
Process     : java <10707>
Thread      : conflictResolver 7f43f4d08700
Internals   : 6.9.190705OSS/e85f0aa3/e85f0aa3/v_serviceChangeState/v_service.c/266/0/1603362087.662782603/0
========================================================================================
Report      : INFO
Date        : 2020-10-22T12:22:25+0200
Description : ---------------------------------------------------------------
              -- The service is using the following configuration settings --
              ---------------------------------------------------------------
              Domain (id)          : ospl_sp_ddsi (0)
              Storage              : 0 Kbytes
              Storage threshold    : 1024 Kbytes
              Storage address      : Not available
              Locking              : default
              Memory mode          : Heap memory
              Builtin topics       : true
              Priority inheritance : false
              SystemId             : 529077505 from [1,2147483647]
Node        : smartsoft-vm
Process     : java <10941>
Thread      : spliced 7f3acc179700
Internals   : 6.9.190705OSS/e85f0aa3/e85f0aa3/The OpenSplice domain service/u_domain.c/785/0/1603362145.727899429/0
========================================================================================
Report      : INFO
Date        : 2020-10-22T12:22:25+0200
Description : Service cmsoap disabled
Node        : smartsoft-vm
Process     : java <10941>
Thread      : spliced 7f3acc179700
Internals   : 6.9.190705OSS/e85f0aa3/e85f0aa3/OpenSplice domain service/sr_componentInfo.c/446/0/1603362145.728357611/0
========================================================================================
Report      : INFO
Date        : 2020-10-22T12:22:25+0200
Description : ++++++++++++++++++++++++++++++++++++++++++++++++
              ++ The service 'splicedaemon' is now operational. 
              ++++++++++++++++++++++++++++++++++++++++++++++++
Node        : smartsoft-vm
Process     : java <10941>
Thread      : spliced 7f3acc179700
Internals   : 6.9.190705OSS/e85f0aa3/e85f0aa3/v_serviceChangeState/v_service.c/266/0/1603362145.728837792/0
========================================================================================
Report      : WARNING
Date        : 2020-10-22T12:22:25+0200
Description : using network interface enp0s3 (192.168.1.50) selected arbitrarily from: enp0s3, docker0

Node        : smartsoft-vm
Process     : java <10941>
Thread      : ddsi2 7f3a9b759700
Internals   : 6.9.190705OSS/e85f0aa3/e85f0aa3/ddsi2/q_nwif.c/989/0/1603362145.731410581/0
========================================================================================
Report      : INFO
Date        : 2020-10-22T12:22:25+0200
Description : ++++++++++++++++++++++++++++++++++++++++++++++++
              ++ The service 'ddsi2' is now operational. 
              ++++++++++++++++++++++++++++++++++++++++++++++++
Node        : smartsoft-vm
Process     : java <10941>
Thread      : ddsi2 7f3a9b759700
Internals   : 6.9.190705OSS/e85f0aa3/e85f0aa3/v_serviceChangeState/v_service.c/266/0/1603362145.738773908/0
========================================================================================
Report      : INFO
Date        : 2020-10-22T12:22:26+0200
Description : The durability service can be identified by ID: 529077505
Node        : smartsoft-vm
Process     : java <10941>
Thread      : durability 7f3a9bafd700
Internals   : 6.9.190705OSS/e85f0aa3/e85f0aa3/DurabilityService/d_durability.c/554/0/1603362146.156653698/0
========================================================================================
Report      : INFO
Date        : 2020-10-22T12:22:39+0200
Description : ++++++++++++++++++++++++++++++++++++++++++++++++
              ++ The service 'durability' is now operational. 
              ++++++++++++++++++++++++++++++++++++++++++++++++
Node        : smartsoft-vm
Process     : java <10941>
Thread      : conflictResolver 7f3a9b4e0700
Internals   : 6.9.190705OSS/e85f0aa3/e85f0aa3/v_serviceChangeState/v_service.c/266/0/1603362159.641489527/0
========================================================================================
Report      : INFO
Date        : 2020-10-22T12:23:38+0200
Description : ---------------------------------------------------------------
              -- The service is using the following configuration settings --
              ---------------------------------------------------------------
              Domain (id)          : ospl_sp_ddsi (0)
              Storage              : 0 Kbytes
              Storage threshold    : 1024 Kbytes
              Storage address      : Not available
              Locking              : default
              Memory mode          : Heap memory
              Builtin topics       : true
              Priority inheritance : false
              SystemId             : 278337793 from [1,2147483647]
Node        : smartsoft-vm
Process     : java <11179>
Thread      : spliced 7efd600a6700
Internals   : 6.9.190705OSS/e85f0aa3/e85f0aa3/The OpenSplice domain service/u_domain.c/785/0/1603362218.934701198/0
========================================================================================
Report      : INFO
Date        : 2020-10-22T12:23:38+0200
Description : Service cmsoap disabled
Node        : smartsoft-vm
Process     : java <11179>
Thread      : spliced 7efd600a6700
Internals   : 6.9.190705OSS/e85f0aa3/e85f0aa3/OpenSplice domain service/sr_componentInfo.c/446/0/1603362218.935407873/0
========================================================================================
Report      : INFO
Date        : 2020-10-22T12:23:38+0200
Description : ++++++++++++++++++++++++++++++++++++++++++++++++
              ++ The service 'splicedaemon' is now operational. 
              ++++++++++++++++++++++++++++++++++++++++++++++++
Node        : smartsoft-vm
Process     : java <11179>
Thread      : spliced 7efd600a6700
Internals   : 6.9.190705OSS/e85f0aa3/e85f0aa3/v_serviceChangeState/v_service.c/266/0/1603362218.935994479/0
========================================================================================
Report      : WARNING
Date        : 2020-10-22T12:23:38+0200
Description : using network interface enp0s3 (192.168.1.50) selected arbitrarily from: enp0s3, docker0

Node        : smartsoft-vm
Process     : java <11179>
Thread      : ddsi2 7efd49d90700
Internals   : 6.9.190705OSS/e85f0aa3/e85f0aa3/ddsi2/q_nwif.c/989/0/1603362218.938634955/0
========================================================================================
Report      : INFO
Date        : 2020-10-22T12:23:38+0200
Description : ++++++++++++++++++++++++++++++++++++++++++++++++
              ++ The service 'ddsi2' is now operational. 
              ++++++++++++++++++++++++++++++++++++++++++++++++
Node        : smartsoft-vm
Process     : java <11179>
Thread      : ddsi2 7efd49d90700
Internals   : 6.9.190705OSS/e85f0aa3/e85f0aa3/v_serviceChangeState/v_service.c/266/0/1603362218.946111006/0
========================================================================================
Report      : INFO
Date        : 2020-10-22T12:23:39+0200
Description : The durability service can be identified by ID: 278337793
Node        : smartsoft-vm
Process     : java <11179>
Thread      : durability 7efd4a134700
Internals   : 6.9.190705OSS/e85f0aa3/e85f0aa3/DurabilityService/d_durability.c/554/0/1603362219.560737696/0
========================================================================================
Report      : INFO
Date        : 2020-10-22T12:23:47+0200
Description : ++++++++++++++++++++++++++++++++++++++++++++++++
              ++ The service 'durability' is now operational. 
              ++++++++++++++++++++++++++++++++++++++++++++++++
Node        : smartsoft-vm
Process     : java <11179>
Thread      : conflictResolver 7efd499f9700
Internals   : 6.9.190705OSS/e85f0aa3/e85f0aa3/v_serviceChangeState/v_service.c/266/0/1603362227.309976523/0
========================================================================================
Report      : INFO
Date        : 2020-10-22T12:32:58+0200
Description : ---------------------------------------------------------------
              -- The service is using the following configuration settings --
              ---------------------------------------------------------------
              Domain (id)          : ospl_sp_ddsi (0)
              Storage              : 0 Kbytes
              Storage threshold    : 1024 Kbytes
              Storage address      : Not available
              Locking              : default
              Memory mode          : Heap memory
              Builtin topics       : true
              Priority inheritance : false
              SystemId             : 2051551333 from [1,2147483647]
Node        : smartsoft-vm
Process     : java <11391>
Thread      : spliced 7ffb45903700
Internals   : 6.9.190705OSS/e85f0aa3/e85f0aa3/The OpenSplice domain service/u_domain.c/785/0/1603362778.339344279/0
========================================================================================
Report      : INFO
Date        : 2020-10-22T12:32:58+0200
Description : Service cmsoap disabled
Node        : smartsoft-vm
Process     : java <11391>
Thread      : spliced 7ffb45903700
Internals   : 6.9.190705OSS/e85f0aa3/e85f0aa3/OpenSplice domain service/sr_componentInfo.c/446/0/1603362778.340057967/0
========================================================================================
Report      : INFO
Date        : 2020-10-22T12:32:58+0200
Description : ++++++++++++++++++++++++++++++++++++++++++++++++
              ++ The service 'splicedaemon' is now operational. 
              ++++++++++++++++++++++++++++++++++++++++++++++++
Node        : smartsoft-vm
Process     : java <11391>
Thread      : spliced 7ffb45903700
Internals   : 6.9.190705OSS/e85f0aa3/e85f0aa3/v_serviceChangeState/v_service.c/266/0/1603362778.340772797/0
========================================================================================
Report      : WARNING
Date        : 2020-10-22T12:32:58+0200
Description : using network interface enp0s3 (192.168.1.50) selected arbitrarily from: enp0s3, docker0

Node        : smartsoft-vm
Process     : java <11391>
Thread      : ddsi2 7ffb44a78700
Internals   : 6.9.190705OSS/e85f0aa3/e85f0aa3/ddsi2/q_nwif.c/989/0/1603362778.345852702/0
========================================================================================
Report      : INFO
Date        : 2020-10-22T12:32:58+0200
Description : ++++++++++++++++++++++++++++++++++++++++++++++++
              ++ The service 'ddsi2' is now operational. 
              ++++++++++++++++++++++++++++++++++++++++++++++++
Node        : smartsoft-vm
Process     : java <11391>
Thread      : ddsi2 7ffb44a78700
Internals   : 6.9.190705OSS/e85f0aa3/e85f0aa3/v_serviceChangeState/v_service.c/266/0/1603362778.351204450/0
========================================================================================
Report      : INFO
Date        : 2020-10-22T12:32:58+0200
Description : The durability service can be identified by ID: 2051551333
Node        : smartsoft-vm
Process     : java <11391>
Thread      : durability 7ffb44e1c700
Internals   : 6.9.190705OSS/e85f0aa3/e85f0aa3/DurabilityService/d_durability.c/554/0/1603362778.668088247/0
========================================================================================
Report      : INFO
Date        : 2020-10-22T12:33:00+0200
Description : ================================================
              == The service 'ddsi2' has now terminated. 
              ================================================
Node        : smartsoft-vm
Process     : java <11391>
Thread      : ddsi2 7ffb44a78700
Internals   : 6.9.190705OSS/e85f0aa3/e85f0aa3/v_serviceChangeState/v_service.c/273/0/1603362780.787523070/0
========================================================================================
Report      : INFO
Date        : 2020-10-22T12:33:01+0200
Description : ================================================
              == The service 'durability' has now terminated. 
              ================================================
Node        : smartsoft-vm
Process     : java <11391>
Thread      : durability 7ffb44e1c700
Internals   : 6.9.190705OSS/e85f0aa3/e85f0aa3/v_serviceChangeState/v_service.c/273/0/1603362781.618345104/0
========================================================================================
Report      : INFO
Date        : 2020-10-22T12:33:01+0200
Description : ================================================
              == The service 'splicedaemon' has now terminated. 
              ================================================
Node        : smartsoft-vm
Process     : java <11391>
Thread      : spliced 7ffb45903700
Internals   : 6.9.190705OSS/e85f0aa3/e85f0aa3/v_serviceChangeState/v_service.c/273/0/1603362781.684233642/0
========================================================================================
Report      : INFO
Date        : 2020-10-22T12:33:01+0200
Description : Removed 9492 objects
Node        : smartsoft-vm
Process     : java <11391>
Thread      : main thread 7ffb5f073700
Internals   : 6.9.190705OSS/e85f0aa3/e85f0aa3/Database close/c_base.c/3272/0/1603362781.788371722/0
========================================================================================
Report      : INFO
Date        : 2020-10-22T12:33:23+0200
Description : ---------------------------------------------------------------
              -- The service is using the following configuration settings --
              ---------------------------------------------------------------
              Domain (id)          : ospl_sp_ddsi (0)
              Storage              : 0 Kbytes
              Storage threshold    : 1024 Kbytes
              Storage address      : Not available
              Locking              : default
              Memory mode          : Heap memory
              Builtin topics       : true
              Priority inheritance : false
              SystemId             : 706740260 from [1,2147483647]
Node        : smartsoft-vm
Process     : java <11473>
Thread      : spliced 7fb13408d700
Internals   : 6.9.190705OSS/e85f0aa3/e85f0aa3/The OpenSplice domain service/u_domain.c/785/0/1603362803.759297309/0
========================================================================================
Report      : INFO
Date        : 2020-10-22T12:33:23+0200
Description : Service cmsoap disabled
Node        : smartsoft-vm
Process     : java <11473>
Thread      : spliced 7fb13408d700
Internals   : 6.9.190705OSS/e85f0aa3/e85f0aa3/OpenSplice domain service/sr_componentInfo.c/446/0/1603362803.759727548/0
========================================================================================
Report      : INFO
Date        : 2020-10-22T12:33:23+0200
Description : ++++++++++++++++++++++++++++++++++++++++++++++++
              ++ The service 'splicedaemon' is now operational. 
              ++++++++++++++++++++++++++++++++++++++++++++++++
Node        : smartsoft-vm
Process     : java <11473>
Thread      : spliced 7fb13408d700
Internals   : 6.9.190705OSS/e85f0aa3/e85f0aa3/v_serviceChangeState/v_service.c/266/0/1603362803.760284985/0
========================================================================================
Report      : WARNING
Date        : 2020-10-22T12:33:23+0200
Description : using network interface enp0s3 (192.168.1.50) selected arbitrarily from: enp0s3, docker0

Node        : smartsoft-vm
Process     : java <11473>
Thread      : ddsi2 7fb10370e700
Internals   : 6.9.190705OSS/e85f0aa3/e85f0aa3/ddsi2/q_nwif.c/989/0/1603362803.766977390/0
========================================================================================
Report      : INFO
Date        : 2020-10-22T12:33:23+0200
Description : ++++++++++++++++++++++++++++++++++++++++++++++++
              ++ The service 'ddsi2' is now operational. 
              ++++++++++++++++++++++++++++++++++++++++++++++++
Node        : smartsoft-vm
Process     : java <11473>
Thread      : ddsi2 7fb10370e700
Internals   : 6.9.190705OSS/e85f0aa3/e85f0aa3/v_serviceChangeState/v_service.c/266/0/1603362803.770326691/0
========================================================================================
Report      : INFO
Date        : 2020-10-22T12:33:24+0200
Description : The durability service can be identified by ID: 706740260
Node        : smartsoft-vm
Process     : java <11473>
Thread      : durability 7fb103ab2700
Internals   : 6.9.190705OSS/e85f0aa3/e85f0aa3/DurabilityService/d_durability.c/554/0/1603362804.286088122/0
========================================================================================
Report      : INFO
Date        : 2020-10-22T12:33:26+0200
Description : ================================================
              == The service 'ddsi2' has now terminated. 
              ================================================
Node        : smartsoft-vm
Process     : java <11473>
Thread      : ddsi2 7fb10370e700
Internals   : 6.9.190705OSS/e85f0aa3/e85f0aa3/v_serviceChangeState/v_service.c/273/0/1603362806.097658962/0
========================================================================================
Report      : INFO
Date        : 2020-10-22T12:33:28+0200
Description : ================================================
              == The service 'durability' has now terminated. 
              ================================================
Node        : smartsoft-vm
Process     : java <11473>
Thread      : durability 7fb103ab2700
Internals   : 6.9.190705OSS/e85f0aa3/e85f0aa3/v_serviceChangeState/v_service.c/273/0/1603362808.076546626/0
========================================================================================
Report      : INFO
Date        : 2020-10-22T12:33:28+0200
Description : ================================================
              == The service 'splicedaemon' has now terminated. 
              ================================================
Node        : smartsoft-vm
Process     : java <11473>
Thread      : spliced 7fb13408d700
Internals   : 6.9.190705OSS/e85f0aa3/e85f0aa3/v_serviceChangeState/v_service.c/273/0/1603362808.091024845/0
========================================================================================
Report      : INFO
Date        : 2020-10-22T12:33:28+0200
Description : Removed 9485 objects
Node        : smartsoft-vm
Process     : java <11473>
Thread      : main thread 7fb139d80700
Internals   : 6.9.190705OSS/e85f0aa3/e85f0aa3/Database close/c_base.c/3272/0/1603362808.104645523/0
========================================================================================
Report      : INFO
Date        : 2020-10-22T12:34:25+0200
Description : ---------------------------------------------------------------
              -- The service is using the following configuration settings --
              ---------------------------------------------------------------
              Domain (id)          : ospl_sp_ddsi (0)
              Storage              : 0 Kbytes
              Storage threshold    : 1024 Kbytes
              Storage address      : Not available
              Locking              : default
              Memory mode          : Heap memory
              Builtin topics       : true
              Priority inheritance : false
              SystemId             : 632101785 from [1,2147483647]
Node        : smartsoft-vm
Process     : java <11567>
Thread      : spliced 7fa0e1f2a700
Internals   : 6.9.190705OSS/e85f0aa3/e85f0aa3/The OpenSplice domain service/u_domain.c/785/0/1603362865.831772708/0
========================================================================================
Report      : INFO
Date        : 2020-10-22T12:34:25+0200
Description : Service cmsoap disabled
Node        : smartsoft-vm
Process     : java <11567>
Thread      : spliced 7fa0e1f2a700
Internals   : 6.9.190705OSS/e85f0aa3/e85f0aa3/OpenSplice domain service/sr_componentInfo.c/446/0/1603362865.832280514/0
========================================================================================
Report      : INFO
Date        : 2020-10-22T12:34:25+0200
Description : ++++++++++++++++++++++++++++++++++++++++++++++++
              ++ The service 'splicedaemon' is now operational. 
              ++++++++++++++++++++++++++++++++++++++++++++++++
Node        : smartsoft-vm
Process     : java <11567>
Thread      : spliced 7fa0e1f2a700
Internals   : 6.9.190705OSS/e85f0aa3/e85f0aa3/v_serviceChangeState/v_service.c/266/0/1603362865.832818112/0
========================================================================================
Report      : WARNING
Date        : 2020-10-22T12:34:25+0200
Description : using network interface enp0s3 (192.168.1.50) selected arbitrarily from: enp0s3, docker0

Node        : smartsoft-vm
Process     : java <11567>
Thread      : ddsi2 7fa0e109f700
Internals   : 6.9.190705OSS/e85f0aa3/e85f0aa3/ddsi2/q_nwif.c/989/0/1603362865.835586871/0
========================================================================================
Report      : INFO
Date        : 2020-10-22T12:34:25+0200
Description : ++++++++++++++++++++++++++++++++++++++++++++++++
              ++ The service 'ddsi2' is now operational. 
              ++++++++++++++++++++++++++++++++++++++++++++++++
Node        : smartsoft-vm
Process     : java <11567>
Thread      : ddsi2 7fa0e109f700
Internals   : 6.9.190705OSS/e85f0aa3/e85f0aa3/v_serviceChangeState/v_service.c/266/0/1603362865.843839274/0
========================================================================================
Report      : INFO
Date        : 2020-10-22T12:34:26+0200
Description : The durability service can be identified by ID: 632101785
Node        : smartsoft-vm
Process     : java <11567>
Thread      : durability 7fa0e1443700
Internals   : 6.9.190705OSS/e85f0aa3/e85f0aa3/DurabilityService/d_durability.c/554/0/1603362866.259447868/0
========================================================================================
Report      : INFO
Date        : 2020-10-22T12:34:43+0200
Description : Missed heartbeat for node 1208768703. (DCPSPublication is complete)
Node        : smartsoft-vm
Process     : java <11567>
Thread      : OSPL Garbage Collector 7fa0e1cf3700
Internals   : 6.9.190705OSS/e85f0aa3/e85f0aa3/v_spliced/v_spliced.c/2062/769/1603362883.082513289/0
========================================================================================
Report      : INFO
Date        : 2020-10-22T12:40:01+0200
Description : ---------------------------------------------------------------
              -- The service is using the following configuration settings --
              ---------------------------------------------------------------
              Domain (id)          : ospl_sp_ddsi (0)
              Storage              : 0 Kbytes
              Storage threshold    : 1024 Kbytes
              Storage address      : Not available
              Locking              : default
              Memory mode          : Heap memory
              Builtin topics       : true
              Priority inheritance : false
              SystemId             : 1236145240 from [1,2147483647]
Node        : Zotac-Miron
Process     : java <18964>
Thread      : spliced 7fa3900b7700
Internals   : 6.9.190403OSS/bb590263/bb590263/The OpenSplice domain service/u_domain.c/785/0/1603363201.431885965/0
========================================================================================
Report      : INFO
Date        : 2020-10-22T12:40:01+0200
Description : Service cmsoap disabled
Node        : Zotac-Miron
Process     : java <18964>
Thread      : spliced 7fa3900b7700
Internals   : 6.9.190403OSS/bb590263/bb590263/OpenSplice domain service/sr_componentInfo.c/446/0/1603363201.432111886/0
========================================================================================
Report      : INFO
Date        : 2020-10-22T12:40:01+0200
Description : ++++++++++++++++++++++++++++++++++++++++++++++++
              ++ The service 'splicedaemon' is now operational. 
              ++++++++++++++++++++++++++++++++++++++++++++++++
Node        : Zotac-Miron
Process     : java <18964>
Thread      : spliced 7fa3900b7700
Internals   : 6.9.190403OSS/bb590263/bb590263/v_serviceChangeState/v_service.c/266/0/1603363201.432410519/0
========================================================================================
Report      : INFO
Date        : 2020-10-22T12:40:01+0200
Description : ++++++++++++++++++++++++++++++++++++++++++++++++
              ++ The service 'ddsi2' is now operational. 
              ++++++++++++++++++++++++++++++++++++++++++++++++
Node        : Zotac-Miron
Process     : java <18964>
Thread      : ddsi2 7fa37ac4a700
Internals   : 6.9.190403OSS/bb590263/bb590263/v_serviceChangeState/v_service.c/266/0/1603363201.438113348/0
========================================================================================
Report      : INFO
Date        : 2020-10-22T12:40:01+0200
Description : The durability service can be identified by ID: 1236145240
Node        : Zotac-Miron
Process     : java <18964>
Thread      : durability 7fa37afee700
Internals   : 6.9.190403OSS/bb590263/bb590263/DurabilityService/d_durability.c/554/0/1603363201.747561171/0
========================================================================================
Report      : INFO
Date        : 2020-10-22T12:40:11+0200
Description : ++++++++++++++++++++++++++++++++++++++++++++++++
              ++ The service 'durability' is now operational. 
              ++++++++++++++++++++++++++++++++++++++++++++++++
Node        : Zotac-Miron
Process     : java <18964>
Thread      : conflictResolver 7fa37a919700
Internals   : 6.9.190403OSS/bb590263/bb590263/v_serviceChangeState/v_service.c/266/0/1603363211.428108858/0
