========================================================================================
Report      : INFO
Date        : 2020-06-20T00:15:53-0300
Description : ---------------------------------------------------------------
              -- The service is using the following configuration settings --
              ---------------------------------------------------------------
              Domain (id)          : ospl_sp_ddsi (0)
              Storage              : 0 Kbytes
              Storage threshold    : 1024 Kbytes
              Storage address      : Not available
              Locking              : default
              Memory mode          : Heap memory
              Builtin topics       : true
              Priority inheritance : false
              SystemId             : 1768921290 from [1,2147483647]
Node        : rsf
Process     : java <28284>
Thread      : spliced 7ff4d6176700
Internals   : 6.9.190403OSS/bb590263/bb590263/The OpenSplice domain service/u_domain.c/785/0/1592622953.429687399/0
========================================================================================
Report      : INFO
Date        : 2020-06-20T00:15:53-0300
Description : Service cmsoap disabled
Node        : rsf
Process     : java <28284>
Thread      : spliced 7ff4d6176700
Internals   : 6.9.190403OSS/bb590263/bb590263/OpenSplice domain service/sr_componentInfo.c/446/0/1592622953.429931288/0
========================================================================================
Report      : INFO
Date        : 2020-06-20T00:15:53-0300
Description : ++++++++++++++++++++++++++++++++++++++++++++++++
              ++ The service 'splicedaemon' is now operational. 
              ++++++++++++++++++++++++++++++++++++++++++++++++
Node        : rsf
Process     : java <28284>
Thread      : spliced 7ff4d6176700
Internals   : 6.9.190403OSS/bb590263/bb590263/v_serviceChangeState/v_service.c/266/0/1592622953.430221541/0
========================================================================================
Report      : INFO
Date        : 2020-06-20T00:15:53-0300
Description : ++++++++++++++++++++++++++++++++++++++++++++++++
              ++ The service 'ddsi2' is now operational. 
              ++++++++++++++++++++++++++++++++++++++++++++++++
Node        : rsf
Process     : java <28284>
Thread      : ddsi2 7ff4d52eb700
Internals   : 6.9.190403OSS/bb590263/bb590263/v_serviceChangeState/v_service.c/266/0/1592622953.434971139/0
========================================================================================
Report      : INFO
Date        : 2020-06-20T00:15:53-0300
Description : The durability service can be identified by ID: 1768921290
Node        : rsf
Process     : java <28284>
Thread      : durability 7ff4d568f700
Internals   : 6.9.190403OSS/bb590263/bb590263/DurabilityService/d_durability.c/554/0/1592622953.747835723/0
========================================================================================
Report      : INFO
Date        : 2020-06-20T00:16:01-0300
Description : ++++++++++++++++++++++++++++++++++++++++++++++++
              ++ The service 'durability' is now operational. 
              ++++++++++++++++++++++++++++++++++++++++++++++++
Node        : rsf
Process     : java <28284>
Thread      : conflictResolver 7ff4d4f54700
Internals   : 6.9.190403OSS/bb590263/bb590263/v_serviceChangeState/v_service.c/266/0/1592622961.024622619/0
========================================================================================
Report      : INFO
Date        : 2020-06-20T00:17:37-0300
Description : Missed heartbeat for node 380246777. (DCPSPublication is complete)
Node        : rsf
Process     : java <28284>
Thread      : OSPL Garbage Collector 7ff4d5f3f700
Internals   : 6.9.190403OSS/bb590263/bb590263/v_spliced/v_spliced.c/2062/769/1592623057.548912521/0
========================================================================================
Report      : INFO
Date        : 2020-06-20T00:23:44-0300
Description : Missed heartbeat for node 57750407. (DCPSPublication is complete)
Node        : rsf
Process     : java <28284>
Thread      : OSPL Garbage Collector 7ff4d5f3f700
Internals   : 6.9.190403OSS/bb590263/bb590263/v_spliced/v_spliced.c/2062/769/1592623424.585199914/0
========================================================================================
Report      : INFO
Date        : 2020-06-20T00:25:54-0300
Description : Missed heartbeat for node 918432397. (DCPSPublication is complete)
Node        : rsf
Process     : java <28284>
Thread      : OSPL Garbage Collector 7ff4d5f3f700
Internals   : 6.9.190403OSS/bb590263/bb590263/v_spliced/v_spliced.c/2062/769/1592623554.006558240/0
========================================================================================
Report      : INFO
Date        : 2020-06-20T00:26:31-0300
Description : ================================================
              == The service 'ddsi2' has now terminated. 
              ================================================
Node        : rsf
Process     : java <28284>
Thread      : ddsi2 7ff4d52eb700
Internals   : 6.9.190403OSS/bb590263/bb590263/v_serviceChangeState/v_service.c/273/0/1592623591.628689017/0
========================================================================================
Report      : INFO
Date        : 2020-06-20T00:26:33-0300
Description : ================================================
              == The service 'durability' has now terminated. 
              ================================================
Node        : rsf
Process     : java <28284>
Thread      : durability 7ff4d568f700
Internals   : 6.9.190403OSS/bb590263/bb590263/v_serviceChangeState/v_service.c/273/0/1592623593.773470741/0
========================================================================================
Report      : INFO
Date        : 2020-06-20T00:26:33-0300
Description : ================================================
              == The service 'splicedaemon' has now terminated. 
              ================================================
Node        : rsf
Process     : java <28284>
Thread      : spliced 7ff4d6176700
Internals   : 6.9.190403OSS/bb590263/bb590263/v_serviceChangeState/v_service.c/273/0/1592623593.826533236/0
========================================================================================
Report      : INFO
Date        : 2020-06-20T00:26:33-0300
Description : Removed 9316 objects
Node        : rsf
Process     : java <28284>
Thread      : main thread 7ff4f7049700
Internals   : 6.9.190403OSS/bb590263/bb590263/Database close/c_base.c/3272/0/1592623593.927122971/0
========================================================================================
Report      : INFO
Date        : 2020-06-20T02:02:21-0300
Description : ---------------------------------------------------------------
              -- The service is using the following configuration settings --
              ---------------------------------------------------------------
              Domain (id)          : ospl_sp_ddsi (0)
              Storage              : 0 Kbytes
              Storage threshold    : 1024 Kbytes
              Storage address      : Not available
              Locking              : default
              Memory mode          : Heap memory
              Builtin topics       : true
              Priority inheritance : false
              SystemId             : 1794506203 from [1,2147483647]
Node        : rsf
Process     : java <2911>
Thread      : spliced 7f7518014700
Internals   : 6.9.190403OSS/bb590263/bb590263/The OpenSplice domain service/u_domain.c/785/0/1592629341.808150929/0
========================================================================================
Report      : INFO
Date        : 2020-06-20T02:02:21-0300
Description : Service cmsoap disabled
Node        : rsf
Process     : java <2911>
Thread      : spliced 7f7518014700
Internals   : 6.9.190403OSS/bb590263/bb590263/OpenSplice domain service/sr_componentInfo.c/446/0/1592629341.808383762/0
========================================================================================
Report      : INFO
Date        : 2020-06-20T02:02:21-0300
Description : ++++++++++++++++++++++++++++++++++++++++++++++++
              ++ The service 'splicedaemon' is now operational. 
              ++++++++++++++++++++++++++++++++++++++++++++++++
Node        : rsf
Process     : java <2911>
Thread      : spliced 7f7518014700
Internals   : 6.9.190403OSS/bb590263/bb590263/v_serviceChangeState/v_service.c/266/0/1592629341.808642570/0
========================================================================================
Report      : INFO
Date        : 2020-06-20T02:02:21-0300
Description : ++++++++++++++++++++++++++++++++++++++++++++++++
              ++ The service 'ddsi2' is now operational. 
              ++++++++++++++++++++++++++++++++++++++++++++++++
Node        : rsf
Process     : java <2911>
Thread      : ddsi2 7f74edd16700
Internals   : 6.9.190403OSS/bb590263/bb590263/v_serviceChangeState/v_service.c/266/0/1592629341.814357982/0
========================================================================================
Report      : INFO
Date        : 2020-06-20T02:02:22-0300
Description : The durability service can be identified by ID: 1794506203
Node        : rsf
Process     : java <2911>
Thread      : durability 7f74ee0ba700
Internals   : 6.9.190403OSS/bb590263/bb590263/DurabilityService/d_durability.c/554/0/1592629342.316777608/0
========================================================================================
Report      : INFO
Date        : 2020-06-20T02:02:29-0300
Description : ++++++++++++++++++++++++++++++++++++++++++++++++
              ++ The service 'durability' is now operational. 
              ++++++++++++++++++++++++++++++++++++++++++++++++
Node        : rsf
Process     : java <2911>
Thread      : conflictResolver 7f74ed9a1700
Internals   : 6.9.190403OSS/bb590263/bb590263/v_serviceChangeState/v_service.c/266/0/1592629349.613375970/0
========================================================================================
Report      : INFO
Date        : 2020-06-20T02:05:20-0300
Description : Missed heartbeat for node 910729870. (DCPSPublication is complete)
Node        : rsf
Process     : java <2911>
Thread      : OSPL Garbage Collector 7f74ee959700
Internals   : 6.9.190403OSS/bb590263/bb590263/v_spliced/v_spliced.c/2062/769/1592629520.974143608/0
========================================================================================
Report      : INFO
Date        : 2020-06-20T02:05:28-0300
Description : ================================================
              == The service 'ddsi2' has now terminated. 
              ================================================
Node        : rsf
Process     : java <2911>
Thread      : ddsi2 7f74edd16700
Internals   : 6.9.190403OSS/bb590263/bb590263/v_serviceChangeState/v_service.c/273/0/1592629528.773663008/0
========================================================================================
Report      : INFO
Date        : 2020-06-20T02:05:30-0300
Description : ================================================
              == The service 'durability' has now terminated. 
              ================================================
Node        : rsf
Process     : java <2911>
Thread      : durability 7f74ee0ba700
Internals   : 6.9.190403OSS/bb590263/bb590263/v_serviceChangeState/v_service.c/273/0/1592629530.177154885/0
========================================================================================
Report      : INFO
Date        : 2020-06-20T02:05:30-0300
Description : ================================================
              == The service 'splicedaemon' has now terminated. 
              ================================================
Node        : rsf
Process     : java <2911>
Thread      : spliced 7f7518014700
Internals   : 6.9.190403OSS/bb590263/bb590263/v_serviceChangeState/v_service.c/273/0/1592629530.270671911/0
========================================================================================
Report      : INFO
Date        : 2020-06-20T02:05:30-0300
Description : Removed 9339 objects
Node        : rsf
Process     : java <2911>
Thread      : main thread 7f753350e700
Internals   : 6.9.190403OSS/bb590263/bb590263/Database close/c_base.c/3272/0/1592629530.371436507/0
========================================================================================
Report      : INFO
Date        : 2020-07-07T06:05:44-0300
Description : ---------------------------------------------------------------
              -- The service is using the following configuration settings --
              ---------------------------------------------------------------
              Domain (id)          : ospl_sp_ddsi (0)
              Storage              : 0 Kbytes
              Storage threshold    : 1024 Kbytes
              Storage address      : Not available
              Locking              : default
              Memory mode          : Heap memory
              Builtin topics       : true
              Priority inheritance : false
              SystemId             : 1861747336 from [1,2147483647]
Node        : rsf
Process     : java <10931>
Thread      : spliced 7f789c010700
Internals   : 6.9.190403OSS/bb590263/bb590263/The OpenSplice domain service/u_domain.c/785/0/1594112744.349364947/0
========================================================================================
Report      : INFO
Date        : 2020-07-07T06:05:44-0300
Description : Service cmsoap disabled
Node        : rsf
Process     : java <10931>
Thread      : spliced 7f789c010700
Internals   : 6.9.190403OSS/bb590263/bb590263/OpenSplice domain service/sr_componentInfo.c/446/0/1594112744.349767370/0
========================================================================================
Report      : INFO
Date        : 2020-07-07T06:05:44-0300
Description : ++++++++++++++++++++++++++++++++++++++++++++++++
              ++ The service 'splicedaemon' is now operational. 
              ++++++++++++++++++++++++++++++++++++++++++++++++
Node        : rsf
Process     : java <10931>
Thread      : spliced 7f789c010700
Internals   : 6.9.190403OSS/bb590263/bb590263/v_serviceChangeState/v_service.c/266/0/1594112744.350115313/0
========================================================================================
Report      : INFO
Date        : 2020-07-07T06:05:44-0300
Description : ++++++++++++++++++++++++++++++++++++++++++++++++
              ++ The service 'ddsi2' is now operational. 
              ++++++++++++++++++++++++++++++++++++++++++++++++
Node        : rsf
Process     : java <10931>
Thread      : ddsi2 7f788c9c2700
Internals   : 6.9.190403OSS/bb590263/bb590263/v_serviceChangeState/v_service.c/266/0/1594112744.354340039/0
========================================================================================
Report      : INFO
Date        : 2020-07-07T06:05:44-0300
Description : The durability service can be identified by ID: 1861747336
Node        : rsf
Process     : java <10931>
Thread      : durability 7f788cd66700
Internals   : 6.9.190403OSS/bb590263/bb590263/DurabilityService/d_durability.c/554/0/1594112744.667021844/0
========================================================================================
Report      : INFO
Date        : 2020-07-07T06:05:52-0300
Description : ++++++++++++++++++++++++++++++++++++++++++++++++
              ++ The service 'durability' is now operational. 
              ++++++++++++++++++++++++++++++++++++++++++++++++
Node        : rsf
Process     : java <10931>
Thread      : conflictResolver 7f788c62b700
Internals   : 6.9.190403OSS/bb590263/bb590263/v_serviceChangeState/v_service.c/266/0/1594112752.350266146/0
========================================================================================
Report      : INFO
Date        : 2020-07-07T06:09:42-0300
Description : Missed heartbeat for node 1242971738. (DCPSPublication is complete)
Node        : rsf
Process     : java <10931>
Thread      : OSPL Garbage Collector 7f788d616700
Internals   : 6.9.190403OSS/bb590263/bb590263/v_spliced/v_spliced.c/2062/769/1594112982.493354105/0
========================================================================================
Report      : INFO
Date        : 2020-07-07T06:09:42-0300
Description : Missed heartbeat for node 1683631556. (DCPSPublication is complete)
Node        : rsf
Process     : java <10931>
Thread      : OSPL Garbage Collector 7f788d616700
Internals   : 6.9.190403OSS/bb590263/bb590263/v_spliced/v_spliced.c/2062/769/1594112982.513779729/0
========================================================================================
Report      : INFO
Date        : 2020-07-07T06:09:51-0300
Description : ================================================
              == The service 'ddsi2' has now terminated. 
              ================================================
Node        : rsf
Process     : java <10931>
Thread      : ddsi2 7f788c9c2700
Internals   : 6.9.190403OSS/bb590263/bb590263/v_serviceChangeState/v_service.c/273/0/1594112991.860469310/0
========================================================================================
Report      : INFO
Date        : 2020-07-07T06:09:53-0300
Description : ================================================
              == The service 'durability' has now terminated. 
              ================================================
Node        : rsf
Process     : java <10931>
Thread      : durability 7f788cd66700
Internals   : 6.9.190403OSS/bb590263/bb590263/v_serviceChangeState/v_service.c/273/0/1594112993.565602023/0
========================================================================================
Report      : INFO
Date        : 2020-07-07T06:09:53-0300
Description : ================================================
              == The service 'splicedaemon' has now terminated. 
              ================================================
Node        : rsf
Process     : java <10931>
Thread      : spliced 7f789c010700
Internals   : 6.9.190403OSS/bb590263/bb590263/v_serviceChangeState/v_service.c/273/0/1594112993.648711412/0
========================================================================================
Report      : INFO
Date        : 2020-07-07T06:09:53-0300
Description : Removed 9318 objects
Node        : rsf
Process     : java <10931>
Thread      : main thread 7f78c6182700
Internals   : 6.9.190403OSS/bb590263/bb590263/Database close/c_base.c/3272/0/1594112993.750976308/0
========================================================================================
Report      : INFO
Date        : 2020-07-07T06:10:55-0300
Description : ---------------------------------------------------------------
              -- The service is using the following configuration settings --
              ---------------------------------------------------------------
              Domain (id)          : ospl_sp_ddsi (0)
              Storage              : 0 Kbytes
              Storage threshold    : 1024 Kbytes
              Storage address      : Not available
              Locking              : default
              Memory mode          : Heap memory
              Builtin topics       : true
              Priority inheritance : false
              SystemId             : 1719336282 from [1,2147483647]
Node        : rsf
Process     : java <13209>
Thread      : spliced 7f2fa8cb3700
Internals   : 6.9.190403OSS/bb590263/bb590263/The OpenSplice domain service/u_domain.c/785/0/1594113055.474446975/0
========================================================================================
Report      : INFO
Date        : 2020-07-07T06:10:55-0300
Description : Service cmsoap disabled
Node        : rsf
Process     : java <13209>
Thread      : spliced 7f2fa8cb3700
Internals   : 6.9.190403OSS/bb590263/bb590263/OpenSplice domain service/sr_componentInfo.c/446/0/1594113055.474660213/0
========================================================================================
Report      : INFO
Date        : 2020-07-07T06:10:55-0300
Description : ++++++++++++++++++++++++++++++++++++++++++++++++
              ++ The service 'splicedaemon' is now operational. 
              ++++++++++++++++++++++++++++++++++++++++++++++++
Node        : rsf
Process     : java <13209>
Thread      : spliced 7f2fa8cb3700
Internals   : 6.9.190403OSS/bb590263/bb590263/v_serviceChangeState/v_service.c/266/0/1594113055.474990347/0
========================================================================================
Report      : INFO
Date        : 2020-07-07T06:10:55-0300
Description : ++++++++++++++++++++++++++++++++++++++++++++++++
              ++ The service 'ddsi2' is now operational. 
              ++++++++++++++++++++++++++++++++++++++++++++++++
Node        : rsf
Process     : java <13209>
Thread      : ddsi2 7f2f53d5c700
Internals   : 6.9.190403OSS/bb590263/bb590263/v_serviceChangeState/v_service.c/266/0/1594113055.479254237/0
========================================================================================
Report      : INFO
Date        : 2020-07-07T06:10:55-0300
Description : The durability service can be identified by ID: 1719336282
Node        : rsf
Process     : java <13209>
Thread      : durability 7f2fa81cc700
Internals   : 6.9.190403OSS/bb590263/bb590263/DurabilityService/d_durability.c/554/0/1594113055.791460747/0
========================================================================================
Report      : INFO
Date        : 2020-07-07T06:11:05-0300
Description : ++++++++++++++++++++++++++++++++++++++++++++++++
              ++ The service 'durability' is now operational. 
              ++++++++++++++++++++++++++++++++++++++++++++++++
Node        : rsf
Process     : java <13209>
Thread      : conflictResolver 7f2f53a8e700
Internals   : 6.9.190403OSS/bb590263/bb590263/v_serviceChangeState/v_service.c/266/0/1594113065.877945526/0
========================================================================================
Report      : INFO
Date        : 2020-07-07T06:12:24-0300
Description : Missed heartbeat for node 417084089. (DCPSPublication is complete)
Node        : rsf
Process     : java <13209>
Thread      : OSPL Garbage Collector 7f2fa8a7c700
Internals   : 6.9.190403OSS/bb590263/bb590263/v_spliced/v_spliced.c/2062/769/1594113144.665369263/0
========================================================================================
Report      : INFO
Date        : 2020-07-07T06:12:24-0300
Description : Missed heartbeat for node 154495996. (DCPSPublication is complete)
Node        : rsf
Process     : java <13209>
Thread      : OSPL Garbage Collector 7f2fa8a7c700
Internals   : 6.9.190403OSS/bb590263/bb590263/v_spliced/v_spliced.c/2062/769/1594113144.967505731/0
========================================================================================
Report      : INFO
Date        : 2020-07-07T06:12:26-0300
Description : ================================================
              == The service 'ddsi2' has now terminated. 
              ================================================
Node        : rsf
Process     : java <13209>
Thread      : ddsi2 7f2f53d5c700
Internals   : 6.9.190403OSS/bb590263/bb590263/v_serviceChangeState/v_service.c/273/0/1594113146.988228588/0
========================================================================================
Report      : INFO
Date        : 2020-07-07T06:12:28-0300
Description : ================================================
              == The service 'durability' has now terminated. 
              ================================================
Node        : rsf
Process     : java <13209>
Thread      : durability 7f2fa81cc700
Internals   : 6.9.190403OSS/bb590263/bb590263/v_serviceChangeState/v_service.c/273/0/1594113148.753173064/0
========================================================================================
Report      : INFO
Date        : 2020-07-07T06:12:28-0300
Description : ================================================
              == The service 'splicedaemon' has now terminated. 
              ================================================
Node        : rsf
Process     : java <13209>
Thread      : spliced 7f2fa8cb3700
Internals   : 6.9.190403OSS/bb590263/bb590263/v_serviceChangeState/v_service.c/273/0/1594113148.786680992/0
========================================================================================
Report      : INFO
Date        : 2020-07-07T06:12:28-0300
Description : Removed 9319 objects
Node        : rsf
Process     : java <13209>
Thread      : main thread 7f2fe15ea700
Internals   : 6.9.190403OSS/bb590263/bb590263/Database close/c_base.c/3272/0/1594113148.889344910/0
========================================================================================
Report      : INFO
Date        : 2020-07-07T06:15:47-0300
Description : ---------------------------------------------------------------
              -- The service is using the following configuration settings --
              ---------------------------------------------------------------
              Domain (id)          : ospl_sp_ddsi (0)
              Storage              : 0 Kbytes
              Storage threshold    : 1024 Kbytes
              Storage address      : Not available
              Locking              : default
              Memory mode          : Heap memory
              Builtin topics       : true
              Priority inheritance : false
              SystemId             : 1474346502 from [1,2147483647]
Node        : rsf
Process     : java <15183>
Thread      : spliced 7f83781ad700
Internals   : 6.9.190403OSS/bb590263/bb590263/The OpenSplice domain service/u_domain.c/785/0/1594113347.977405824/0
========================================================================================
Report      : INFO
Date        : 2020-07-07T06:15:47-0300
Description : Service cmsoap disabled
Node        : rsf
Process     : java <15183>
Thread      : spliced 7f83781ad700
Internals   : 6.9.190403OSS/bb590263/bb590263/OpenSplice domain service/sr_componentInfo.c/446/0/1594113347.977612370/0
========================================================================================
Report      : INFO
Date        : 2020-07-07T06:15:47-0300
Description : ++++++++++++++++++++++++++++++++++++++++++++++++
              ++ The service 'splicedaemon' is now operational. 
              ++++++++++++++++++++++++++++++++++++++++++++++++
Node        : rsf
Process     : java <15183>
Thread      : spliced 7f83781ad700
Internals   : 6.9.190403OSS/bb590263/bb590263/v_serviceChangeState/v_service.c/266/0/1594113347.977902297/0
========================================================================================
Report      : INFO
Date        : 2020-07-07T06:15:47-0300
Description : ++++++++++++++++++++++++++++++++++++++++++++++++
              ++ The service 'ddsi2' is now operational. 
              ++++++++++++++++++++++++++++++++++++++++++++++++
Node        : rsf
Process     : java <15183>
Thread      : ddsi2 7f83722d9700
Internals   : 6.9.190403OSS/bb590263/bb590263/v_serviceChangeState/v_service.c/266/0/1594113347.982333374/0
========================================================================================
Report      : INFO
Date        : 2020-07-07T06:15:48-0300
Description : The durability service can be identified by ID: 1474346502
Node        : rsf
Process     : java <15183>
Thread      : durability 7f83738ae700
Internals   : 6.9.190403OSS/bb590263/bb590263/DurabilityService/d_durability.c/554/0/1594113348.485736786/0
========================================================================================
Report      : INFO
Date        : 2020-07-07T06:15:56-0300
Description : ++++++++++++++++++++++++++++++++++++++++++++++++
              ++ The service 'durability' is now operational. 
              ++++++++++++++++++++++++++++++++++++++++++++++++
Node        : rsf
Process     : java <15183>
Thread      : conflictResolver 7f8371fdb700
Internals   : 6.9.190403OSS/bb590263/bb590263/v_serviceChangeState/v_service.c/266/0/1594113356.073488117/0
========================================================================================
Report      : INFO
Date        : 2020-07-07T06:17:08-0300
Description : ================================================
              == The service 'ddsi2' has now terminated. 
              ================================================
Node        : rsf
Process     : java <15183>
Thread      : ddsi2 7f83722d9700
Internals   : 6.9.190403OSS/bb590263/bb590263/v_serviceChangeState/v_service.c/273/0/1594113428.693609316/0
========================================================================================
Report      : INFO
Date        : 2020-07-07T06:17:10-0300
Description : ================================================
              == The service 'durability' has now terminated. 
              ================================================
Node        : rsf
Process     : java <15183>
Thread      : durability 7f83738ae700
Internals   : 6.9.190403OSS/bb590263/bb590263/v_serviceChangeState/v_service.c/273/0/1594113430.242931526/0
========================================================================================
Report      : INFO
Date        : 2020-07-07T06:17:10-0300
Description : ================================================
              == The service 'splicedaemon' has now terminated. 
              ================================================
Node        : rsf
Process     : java <15183>
Thread      : spliced 7f83781ad700
Internals   : 6.9.190403OSS/bb590263/bb590263/v_serviceChangeState/v_service.c/273/0/1594113430.275662377/0
========================================================================================
Report      : INFO
Date        : 2020-07-07T06:17:10-0300
Description : Removed 9317 objects
Node        : rsf
Process     : java <15183>
Thread      : main thread 7f83a3b40700
Internals   : 6.9.190403OSS/bb590263/bb590263/Database close/c_base.c/3272/0/1594113430.377546137/0
========================================================================================
Report      : INFO
Date        : 2020-07-07T08:57:12-0300
Description : ---------------------------------------------------------------
              -- The service is using the following configuration settings --
              ---------------------------------------------------------------
              Domain (id)          : ospl_sp_ddsi (0)
              Storage              : 0 Kbytes
              Storage threshold    : 1024 Kbytes
              Storage address      : Not available
              Locking              : default
              Memory mode          : Heap memory
              Builtin topics       : true
              Priority inheritance : false
              SystemId             : 487841717 from [1,2147483647]
Node        : rsf
Process     : java <1804>
Thread      : spliced 7f9302800700
Internals   : 6.9.190403OSS/bb590263/bb590263/The OpenSplice domain service/u_domain.c/785/0/1594123032.525516831/0
========================================================================================
Report      : INFO
Date        : 2020-07-07T08:57:12-0300
Description : Service cmsoap disabled
Node        : rsf
Process     : java <1804>
Thread      : spliced 7f9302800700
Internals   : 6.9.190403OSS/bb590263/bb590263/OpenSplice domain service/sr_componentInfo.c/446/0/1594123032.525707336/0
========================================================================================
Report      : INFO
Date        : 2020-07-07T08:57:12-0300
Description : ++++++++++++++++++++++++++++++++++++++++++++++++
              ++ The service 'splicedaemon' is now operational. 
              ++++++++++++++++++++++++++++++++++++++++++++++++
Node        : rsf
Process     : java <1804>
Thread      : spliced 7f9302800700
Internals   : 6.9.190403OSS/bb590263/bb590263/v_serviceChangeState/v_service.c/266/0/1594123032.525922240/0
========================================================================================
Report      : INFO
Date        : 2020-07-07T08:57:12-0300
Description : ++++++++++++++++++++++++++++++++++++++++++++++++
              ++ The service 'ddsi2' is now operational. 
              ++++++++++++++++++++++++++++++++++++++++++++++++
Node        : rsf
Process     : java <1804>
Thread      : ddsi2 7f9301975700
Internals   : 6.9.190403OSS/bb590263/bb590263/v_serviceChangeState/v_service.c/266/0/1594123032.530204178/0
========================================================================================
Report      : INFO
Date        : 2020-07-07T08:57:12-0300
Description : The durability service can be identified by ID: 487841717
Node        : rsf
Process     : java <1804>
Thread      : durability 7f9301d19700
Internals   : 6.9.190403OSS/bb590263/bb590263/DurabilityService/d_durability.c/554/0/1594123032.844471053/0
========================================================================================
Report      : INFO
Date        : 2020-07-07T08:57:22-0300
Description : ++++++++++++++++++++++++++++++++++++++++++++++++
              ++ The service 'durability' is now operational. 
              ++++++++++++++++++++++++++++++++++++++++++++++++
Node        : rsf
Process     : java <1804>
Thread      : conflictResolver 7f93015de700
Internals   : 6.9.190403OSS/bb590263/bb590263/v_serviceChangeState/v_service.c/266/0/1594123042.929606872/0
========================================================================================
Report      : INFO
Date        : 2020-07-07T08:58:43-0300
Description : ================================================
              == The service 'ddsi2' has now terminated. 
              ================================================
Node        : rsf
Process     : java <1804>
Thread      : ddsi2 7f9301975700
Internals   : 6.9.190403OSS/bb590263/bb590263/v_serviceChangeState/v_service.c/273/0/1594123123.003200990/0
========================================================================================
Report      : INFO
Date        : 2020-07-07T08:58:43-0300
Description : ================================================
              == The service 'durability' has now terminated. 
              ================================================
Node        : rsf
Process     : java <1804>
Thread      : durability 7f9301d19700
Internals   : 6.9.190403OSS/bb590263/bb590263/v_serviceChangeState/v_service.c/273/0/1594123123.795921928/0
========================================================================================
Report      : INFO
Date        : 2020-07-07T08:58:43-0300
Description : ================================================
              == The service 'splicedaemon' has now terminated. 
              ================================================
Node        : rsf
Process     : java <1804>
Thread      : spliced 7f9302800700
Internals   : 6.9.190403OSS/bb590263/bb590263/v_serviceChangeState/v_service.c/273/0/1594123123.883970309/0
========================================================================================
Report      : INFO
Date        : 2020-07-07T08:58:43-0300
Description : Removed 9324 objects
Node        : rsf
Process     : java <1804>
Thread      : main thread 7f932b6d0700
Internals   : 6.9.190403OSS/bb590263/bb590263/Database close/c_base.c/3272/0/1594123123.986440933/0
========================================================================================
Report      : INFO
Date        : 2020-07-07T09:02:04-0300
Description : ---------------------------------------------------------------
              -- The service is using the following configuration settings --
              ---------------------------------------------------------------
              Domain (id)          : ospl_sp_ddsi (0)
              Storage              : 0 Kbytes
              Storage threshold    : 1024 Kbytes
              Storage address      : Not available
              Locking              : default
              Memory mode          : Heap memory
              Builtin topics       : true
              Priority inheritance : false
              SystemId             : 744519061 from [1,2147483647]
Node        : rsf
Process     : java <3726>
Thread      : spliced 7f63fe22c700
Internals   : 6.9.190403OSS/bb590263/bb590263/The OpenSplice domain service/u_domain.c/785/0/1594123324.316869547/0
========================================================================================
Report      : INFO
Date        : 2020-07-07T09:02:04-0300
Description : Service cmsoap disabled
Node        : rsf
Process     : java <3726>
Thread      : spliced 7f63fe22c700
Internals   : 6.9.190403OSS/bb590263/bb590263/OpenSplice domain service/sr_componentInfo.c/446/0/1594123324.317061487/0
========================================================================================
Report      : INFO
Date        : 2020-07-07T09:02:04-0300
Description : ++++++++++++++++++++++++++++++++++++++++++++++++
              ++ The service 'splicedaemon' is now operational. 
              ++++++++++++++++++++++++++++++++++++++++++++++++
Node        : rsf
Process     : java <3726>
Thread      : spliced 7f63fe22c700
Internals   : 6.9.190403OSS/bb590263/bb590263/v_serviceChangeState/v_service.c/266/0/1594123324.317458380/0
========================================================================================
Report      : INFO
Date        : 2020-07-07T09:02:04-0300
Description : ++++++++++++++++++++++++++++++++++++++++++++++++
              ++ The service 'ddsi2' is now operational. 
              ++++++++++++++++++++++++++++++++++++++++++++++++
Node        : rsf
Process     : java <3726>
Thread      : ddsi2 7f63fd3a1700
Internals   : 6.9.190403OSS/bb590263/bb590263/v_serviceChangeState/v_service.c/266/0/1594123324.321868671/0
========================================================================================
Report      : INFO
Date        : 2020-07-07T09:02:04-0300
Description : The durability service can be identified by ID: 744519061
Node        : rsf
Process     : java <3726>
Thread      : durability 7f63fd745700
Internals   : 6.9.190403OSS/bb590263/bb590263/DurabilityService/d_durability.c/554/0/1594123324.733493519/0
========================================================================================
Report      : INFO
Date        : 2020-07-07T09:02:14-0300
Description : ++++++++++++++++++++++++++++++++++++++++++++++++
              ++ The service 'durability' is now operational. 
              ++++++++++++++++++++++++++++++++++++++++++++++++
Node        : rsf
Process     : java <3726>
Thread      : conflictResolver 7f63fd00a700
Internals   : 6.9.190403OSS/bb590263/bb590263/v_serviceChangeState/v_service.c/266/0/1594123334.721958092/0
========================================================================================
Report      : INFO
Date        : 2020-07-07T09:03:43-0300
Description : Missed heartbeat for node 632849818. (DCPSPublication is complete)
Node        : rsf
Process     : java <3726>
Thread      : OSPL Garbage Collector 7f63fdff5700
Internals   : 6.9.190403OSS/bb590263/bb590263/v_spliced/v_spliced.c/2062/769/1594123423.630342114/0
========================================================================================
Report      : INFO
Date        : 2020-07-07T09:03:44-0300
Description : Missed heartbeat for node 1041099612. (DCPSPublication is complete)
Node        : rsf
Process     : java <3726>
Thread      : OSPL Garbage Collector 7f63fdff5700
Internals   : 6.9.190403OSS/bb590263/bb590263/v_spliced/v_spliced.c/2062/769/1594123424.032987865/0
========================================================================================
Report      : INFO
Date        : 2020-07-07T09:03:45-0300
Description : ================================================
              == The service 'ddsi2' has now terminated. 
              ================================================
Node        : rsf
Process     : java <3726>
Thread      : ddsi2 7f63fd3a1700
Internals   : 6.9.190403OSS/bb590263/bb590263/v_serviceChangeState/v_service.c/273/0/1594123425.990802657/0
========================================================================================
Report      : INFO
Date        : 2020-07-07T09:03:47-0300
Description : ================================================
              == The service 'durability' has now terminated. 
              ================================================
Node        : rsf
Process     : java <3726>
Thread      : durability 7f63fd745700
Internals   : 6.9.190403OSS/bb590263/bb590263/v_serviceChangeState/v_service.c/273/0/1594123427.596962701/0
========================================================================================
Report      : INFO
Date        : 2020-07-07T09:03:47-0300
Description : ================================================
              == The service 'splicedaemon' has now terminated. 
              ================================================
Node        : rsf
Process     : java <3726>
Thread      : spliced 7f63fe22c700
Internals   : 6.9.190403OSS/bb590263/bb590263/v_serviceChangeState/v_service.c/273/0/1594123427.677715289/0
========================================================================================
Report      : INFO
Date        : 2020-07-07T09:03:47-0300
Description : Removed 9335 objects
Node        : rsf
Process     : java <3726>
Thread      : main thread 7f641d6b8700
Internals   : 6.9.190403OSS/bb590263/bb590263/Database close/c_base.c/3272/0/1594123427.780269239/0
========================================================================================
Report      : INFO
Date        : 2020-07-07T09:22:44-0300
Description : ---------------------------------------------------------------
              -- The service is using the following configuration settings --
              ---------------------------------------------------------------
              Domain (id)          : ospl_sp_ddsi (0)
              Storage              : 0 Kbytes
              Storage threshold    : 1024 Kbytes
              Storage address      : Not available
              Locking              : default
              Memory mode          : Heap memory
              Builtin topics       : true
              Priority inheritance : false
              SystemId             : 1312353639 from [1,2147483647]
Node        : rsf
Process     : java <5772>
Thread      : spliced 7f5be139a700
Internals   : 6.9.190403OSS/bb590263/bb590263/The OpenSplice domain service/u_domain.c/785/0/1594124564.343003433/0
========================================================================================
Report      : INFO
Date        : 2020-07-07T09:22:44-0300
Description : Service cmsoap disabled
Node        : rsf
Process     : java <5772>
Thread      : spliced 7f5be139a700
Internals   : 6.9.190403OSS/bb590263/bb590263/OpenSplice domain service/sr_componentInfo.c/446/0/1594124564.343215352/0
========================================================================================
Report      : INFO
Date        : 2020-07-07T09:22:44-0300
Description : ++++++++++++++++++++++++++++++++++++++++++++++++
              ++ The service 'splicedaemon' is now operational. 
              ++++++++++++++++++++++++++++++++++++++++++++++++
Node        : rsf
Process     : java <5772>
Thread      : spliced 7f5be139a700
Internals   : 6.9.190403OSS/bb590263/bb590263/v_serviceChangeState/v_service.c/266/0/1594124564.343498428/0
========================================================================================
Report      : INFO
Date        : 2020-07-07T09:22:44-0300
Description : ++++++++++++++++++++++++++++++++++++++++++++++++
              ++ The service 'ddsi2' is now operational. 
              ++++++++++++++++++++++++++++++++++++++++++++++++
Node        : rsf
Process     : java <5772>
Thread      : ddsi2 7f5be050f700
Internals   : 6.9.190403OSS/bb590263/bb590263/v_serviceChangeState/v_service.c/266/0/1594124564.350024924/0
========================================================================================
Report      : INFO
Date        : 2020-07-07T09:22:44-0300
Description : The durability service can be identified by ID: 1312353639
Node        : rsf
Process     : java <5772>
Thread      : durability 7f5be08b3700
Internals   : 6.9.190403OSS/bb590263/bb590263/DurabilityService/d_durability.c/554/0/1594124564.660110034/0
========================================================================================
Report      : INFO
Date        : 2020-07-07T09:22:54-0300
Description : ++++++++++++++++++++++++++++++++++++++++++++++++
              ++ The service 'durability' is now operational. 
              ++++++++++++++++++++++++++++++++++++++++++++++++
Node        : rsf
Process     : java <5772>
Thread      : conflictResolver 7f5be0178700
Internals   : 6.9.190403OSS/bb590263/bb590263/v_serviceChangeState/v_service.c/266/0/1594124574.744243074/0
========================================================================================
Report      : INFO
Date        : 2020-07-07T09:25:24-0300
Description : Missed heartbeat for node 105914107. (DCPSPublication is complete)
Node        : rsf
Process     : java <5772>
Thread      : OSPL Garbage Collector 7f5be1163700
Internals   : 6.9.190403OSS/bb590263/bb590263/v_spliced/v_spliced.c/2062/769/1594124724.295330373/0
========================================================================================
Report      : INFO
Date        : 2020-07-07T09:25:24-0300
Description : Missed heartbeat for node 1438272818. (DCPSPublication is complete)
Node        : rsf
Process     : java <5772>
Thread      : OSPL Garbage Collector 7f5be1163700
Internals   : 6.9.190403OSS/bb590263/bb590263/v_spliced/v_spliced.c/2062/769/1594124724.315822943/0
========================================================================================
Report      : INFO
Date        : 2020-07-07T09:25:31-0300
Description : ================================================
              == The service 'ddsi2' has now terminated. 
              ================================================
Node        : rsf
Process     : java <5772>
Thread      : ddsi2 7f5be050f700
Internals   : 6.9.190403OSS/bb590263/bb590263/v_serviceChangeState/v_service.c/273/0/1594124731.798297401/0
========================================================================================
Report      : INFO
Date        : 2020-07-07T09:25:32-0300
Description : ================================================
              == The service 'durability' has now terminated. 
              ================================================
Node        : rsf
Process     : java <5772>
Thread      : durability 7f5be08b3700
Internals   : 6.9.190403OSS/bb590263/bb590263/v_serviceChangeState/v_service.c/273/0/1594124732.585650255/0
========================================================================================
Report      : INFO
Date        : 2020-07-07T09:25:32-0300
Description : ================================================
              == The service 'splicedaemon' has now terminated. 
              ================================================
Node        : rsf
Process     : java <5772>
Thread      : spliced 7f5be139a700
Internals   : 6.9.190403OSS/bb590263/bb590263/v_serviceChangeState/v_service.c/273/0/1594124732.594495832/0
========================================================================================
Report      : INFO
Date        : 2020-07-07T09:25:32-0300
Description : Removed 9358 objects
Node        : rsf
Process     : java <5772>
Thread      : main thread 7f5c02263700
Internals   : 6.9.190403OSS/bb590263/bb590263/Database close/c_base.c/3272/0/1594124732.696859438/0
========================================================================================
Report      : INFO
Date        : 2020-07-07T11:36:26-0300
Description : ---------------------------------------------------------------
              -- The service is using the following configuration settings --
              ---------------------------------------------------------------
              Domain (id)          : ospl_sp_ddsi (0)
              Storage              : 0 Kbytes
              Storage threshold    : 1024 Kbytes
              Storage address      : Not available
              Locking              : default
              Memory mode          : Heap memory
              Builtin topics       : true
              Priority inheritance : false
              SystemId             : 1918557796 from [1,2147483647]
Node        : rsf
Process     : java <17742>
Thread      : spliced 7fad8c010700
Internals   : 6.9.190403OSS/bb590263/bb590263/The OpenSplice domain service/u_domain.c/785/0/1594132586.868433178/0
========================================================================================
Report      : INFO
Date        : 2020-07-07T11:36:26-0300
Description : Service cmsoap disabled
Node        : rsf
Process     : java <17742>
Thread      : spliced 7fad8c010700
Internals   : 6.9.190403OSS/bb590263/bb590263/OpenSplice domain service/sr_componentInfo.c/446/0/1594132586.868647904/0
========================================================================================
Report      : INFO
Date        : 2020-07-07T11:36:26-0300
Description : ++++++++++++++++++++++++++++++++++++++++++++++++
              ++ The service 'splicedaemon' is now operational. 
              ++++++++++++++++++++++++++++++++++++++++++++++++
Node        : rsf
Process     : java <17742>
Thread      : spliced 7fad8c010700
Internals   : 6.9.190403OSS/bb590263/bb590263/v_serviceChangeState/v_service.c/266/0/1594132586.869007097/0
========================================================================================
Report      : INFO
Date        : 2020-07-07T11:36:26-0300
Description : ++++++++++++++++++++++++++++++++++++++++++++++++
              ++ The service 'ddsi2' is now operational. 
              ++++++++++++++++++++++++++++++++++++++++++++++++
Node        : rsf
Process     : java <17742>
Thread      : ddsi2 7fad842a9700
Internals   : 6.9.190403OSS/bb590263/bb590263/v_serviceChangeState/v_service.c/266/0/1594132586.873706444/0
========================================================================================
Report      : INFO
Date        : 2020-07-07T11:36:27-0300
Description : The durability service can be identified by ID: 1918557796
Node        : rsf
Process     : java <17742>
Thread      : durability 7fad8464d700
Internals   : 6.9.190403OSS/bb590263/bb590263/DurabilityService/d_durability.c/554/0/1594132587.076602983/0
========================================================================================
Report      : INFO
Date        : 2020-07-07T11:36:37-0300
Description : ++++++++++++++++++++++++++++++++++++++++++++++++
              ++ The service 'durability' is now operational. 
              ++++++++++++++++++++++++++++++++++++++++++++++++
Node        : rsf
Process     : java <17742>
Thread      : conflictResolver 7fad84013700
Internals   : 6.9.190403OSS/bb590263/bb590263/v_serviceChangeState/v_service.c/266/0/1594132597.064386873/0
========================================================================================
Report      : INFO
Date        : 2020-07-07T11:37:18-0300
Description : ---------------------------------------------------------------
              -- The service is using the following configuration settings --
              ---------------------------------------------------------------
              Domain (id)          : ospl_sp_ddsi (0)
              Storage              : 0 Kbytes
              Storage threshold    : 1024 Kbytes
              Storage address      : Not available
              Locking              : default
              Memory mode          : Heap memory
              Builtin topics       : true
              Priority inheritance : false
              SystemId             : 1900825321 from [1,2147483647]
Node        : rsf
Process     : java <17981>
Thread      : spliced 7f672c015700
Internals   : 6.9.190403OSS/bb590263/bb590263/The OpenSplice domain service/u_domain.c/785/0/1594132638.820911158/0
========================================================================================
Report      : INFO
Date        : 2020-07-07T11:37:18-0300
Description : Service cmsoap disabled
Node        : rsf
Process     : java <17981>
Thread      : spliced 7f672c015700
Internals   : 6.9.190403OSS/bb590263/bb590263/OpenSplice domain service/sr_componentInfo.c/446/0/1594132638.821157913/0
========================================================================================
Report      : INFO
Date        : 2020-07-07T11:37:18-0300
Description : ++++++++++++++++++++++++++++++++++++++++++++++++
              ++ The service 'splicedaemon' is now operational. 
              ++++++++++++++++++++++++++++++++++++++++++++++++
Node        : rsf
Process     : java <17981>
Thread      : spliced 7f672c015700
Internals   : 6.9.190403OSS/bb590263/bb590263/v_serviceChangeState/v_service.c/266/0/1594132638.821455234/0
========================================================================================
Report      : INFO
Date        : 2020-07-07T11:37:18-0300
Description : ++++++++++++++++++++++++++++++++++++++++++++++++
              ++ The service 'ddsi2' is now operational. 
              ++++++++++++++++++++++++++++++++++++++++++++++++
Node        : rsf
Process     : java <17981>
Thread      : ddsi2 7f66eaa40700
Internals   : 6.9.190403OSS/bb590263/bb590263/v_serviceChangeState/v_service.c/266/0/1594132638.827525015/0
========================================================================================
Report      : INFO
Date        : 2020-07-07T11:37:19-0300
Description : The durability service can be identified by ID: 1900825321
Node        : rsf
Process     : java <17981>
Thread      : durability 7f66eade4700
Internals   : 6.9.190403OSS/bb590263/bb590263/DurabilityService/d_durability.c/554/0/1594132639.438318216/0
========================================================================================
Report      : INFO
Date        : 2020-07-07T11:37:29-0300
Description : ++++++++++++++++++++++++++++++++++++++++++++++++
              ++ The service 'durability' is now operational. 
              ++++++++++++++++++++++++++++++++++++++++++++++++
Node        : rsf
Process     : java <17981>
Thread      : conflictResolver 7f66ea6ed700
Internals   : 6.9.190403OSS/bb590263/bb590263/v_serviceChangeState/v_service.c/266/0/1594132649.420233762/0
========================================================================================
Report      : INFO
Date        : 2020-07-07T11:40:48-0300
Description : Missed heartbeat for node 1071226480. (DCPSPublication is complete)
Node        : rsf
Process     : java <17981>
Thread      : OSPL Garbage Collector 7f66eb683700
Internals   : 6.9.190403OSS/bb590263/bb590263/v_spliced/v_spliced.c/2062/769/1594132848.649884543/0
========================================================================================
Report      : INFO
Date        : 2020-07-07T11:40:48-0300
Description : Missed heartbeat for node 1174094046. (DCPSPublication is complete)
Node        : rsf
Process     : java <17981>
Thread      : OSPL Garbage Collector 7f66eb683700
Internals   : 6.9.190403OSS/bb590263/bb590263/v_spliced/v_spliced.c/2062/769/1594132848.670204797/0
========================================================================================
Report      : INFO
Date        : 2020-07-07T11:40:51-0300
Description : ================================================
              == The service 'ddsi2' has now terminated. 
              ================================================
Node        : rsf
Process     : java <17981>
Thread      : ddsi2 7f66eaa40700
Internals   : 6.9.190403OSS/bb590263/bb590263/v_serviceChangeState/v_service.c/273/0/1594132851.698981105/0
========================================================================================
Report      : INFO
Date        : 2020-07-07T11:40:53-0300
Description : ================================================
              == The service 'durability' has now terminated. 
              ================================================
Node        : rsf
Process     : java <17981>
Thread      : durability 7f66eade4700
Internals   : 6.9.190403OSS/bb590263/bb590263/v_serviceChangeState/v_service.c/273/0/1594132853.020969960/0
========================================================================================
Report      : INFO
Date        : 2020-07-07T11:40:53-0300
Description : ================================================
              == The service 'splicedaemon' has now terminated. 
              ================================================
Node        : rsf
Process     : java <17981>
Thread      : spliced 7f672c015700
Internals   : 6.9.190403OSS/bb590263/bb590263/v_serviceChangeState/v_service.c/273/0/1594132853.084625628/0
========================================================================================
Report      : INFO
Date        : 2020-07-07T11:40:53-0300
Description : Removed 9350 objects
Node        : rsf
Process     : java <17981>
Thread      : main thread 7f6748255700
Internals   : 6.9.190403OSS/bb590263/bb590263/Database close/c_base.c/3272/0/1594132853.186680749/0
