========================================================================================
Report      : INFO
Date        : 2020-10-06T11:08:06+0200
Description : ---------------------------------------------------------------
              -- The service is using the following configuration settings --
              ---------------------------------------------------------------
              Domain (id)          : ospl_sp_ddsi (0)
              Storage              : 0 Kbytes
              Storage threshold    : 1024 Kbytes
              Storage address      : Not available
              Locking              : default
              Memory mode          : Heap memory
              Builtin topics       : true
              Priority inheritance : false
              SystemId             : 558187426 from [1,2147483647]
Node        : smartsoft-vm
Process     : java <6483>
Thread      : spliced 7f5d13a3b700
Internals   : 6.9.190705OSS/e85f0aa3/e85f0aa3/The OpenSplice domain service/u_domain.c/785/0/1601975286.088932052/0
========================================================================================
Report      : INFO
Date        : 2020-10-06T11:08:06+0200
Description : Service cmsoap disabled
Node        : smartsoft-vm
Process     : java <6483>
Thread      : spliced 7f5d13a3b700
Internals   : 6.9.190705OSS/e85f0aa3/e85f0aa3/OpenSplice domain service/sr_componentInfo.c/446/0/1601975286.089168779/0
========================================================================================
Report      : INFO
Date        : 2020-10-06T11:08:06+0200
Description : ++++++++++++++++++++++++++++++++++++++++++++++++
              ++ The service 'splicedaemon' is now operational. 
              ++++++++++++++++++++++++++++++++++++++++++++++++
Node        : smartsoft-vm
Process     : java <6483>
Thread      : spliced 7f5d13a3b700
Internals   : 6.9.190705OSS/e85f0aa3/e85f0aa3/v_serviceChangeState/v_service.c/266/0/1601975286.089552844/0
========================================================================================
Report      : WARNING
Date        : 2020-10-06T11:08:06+0200
Description : using network interface enp0s3 (192.168.1.48) selected arbitrarily from: enp0s3, docker0

Node        : smartsoft-vm
Process     : java <6483>
Thread      : ddsi2 7f5cf593a700
Internals   : 6.9.190705OSS/e85f0aa3/e85f0aa3/ddsi2/q_nwif.c/989/0/1601975286.093903736/0
========================================================================================
Report      : INFO
Date        : 2020-10-06T11:08:06+0200
Description : ++++++++++++++++++++++++++++++++++++++++++++++++
              ++ The service 'ddsi2' is now operational. 
              ++++++++++++++++++++++++++++++++++++++++++++++++
Node        : smartsoft-vm
Process     : java <6483>
Thread      : ddsi2 7f5cf593a700
Internals   : 6.9.190705OSS/e85f0aa3/e85f0aa3/v_serviceChangeState/v_service.c/266/0/1601975286.097513046/0
========================================================================================
Report      : INFO
Date        : 2020-10-06T11:08:06+0200
Description : The durability service can be identified by ID: 558187426
Node        : smartsoft-vm
Process     : java <6483>
Thread      : durability 7f5cf5cde700
Internals   : 6.9.190705OSS/e85f0aa3/e85f0aa3/DurabilityService/d_durability.c/554/0/1601975286.616866490/0
========================================================================================
Report      : INFO
Date        : 2020-10-06T11:08:14+0200
Description : ++++++++++++++++++++++++++++++++++++++++++++++++
              ++ The service 'durability' is now operational. 
              ++++++++++++++++++++++++++++++++++++++++++++++++
Node        : smartsoft-vm
Process     : java <6483>
Thread      : conflictResolver 7f5cf55a3700
Internals   : 6.9.190705OSS/e85f0aa3/e85f0aa3/v_serviceChangeState/v_service.c/266/0/1601975294.309690459/0
========================================================================================
Report      : INFO
Date        : 2020-10-06T11:13:03+0200
Description : ---------------------------------------------------------------
              -- The service is using the following configuration settings --
              ---------------------------------------------------------------
              Domain (id)          : ospl_sp_ddsi (0)
              Storage              : 0 Kbytes
              Storage threshold    : 1024 Kbytes
              Storage address      : Not available
              Locking              : default
              Memory mode          : Heap memory
              Builtin topics       : true
              Priority inheritance : false
              SystemId             : 1063532231 from [1,2147483647]
Node        : smartsoft-vm
Process     : java <6774>
Thread      : spliced 7ff1cc3c0700
Internals   : 6.9.190705OSS/e85f0aa3/e85f0aa3/The OpenSplice domain service/u_domain.c/785/0/1601975583.574061227/0
========================================================================================
Report      : INFO
Date        : 2020-10-06T11:13:03+0200
Description : Service cmsoap disabled
Node        : smartsoft-vm
Process     : java <6774>
Thread      : spliced 7ff1cc3c0700
Internals   : 6.9.190705OSS/e85f0aa3/e85f0aa3/OpenSplice domain service/sr_componentInfo.c/446/0/1601975583.584398745/0
========================================================================================
Report      : INFO
Date        : 2020-10-06T11:13:03+0200
Description : ++++++++++++++++++++++++++++++++++++++++++++++++
              ++ The service 'splicedaemon' is now operational. 
              ++++++++++++++++++++++++++++++++++++++++++++++++
Node        : smartsoft-vm
Process     : java <6774>
Thread      : spliced 7ff1cc3c0700
Internals   : 6.9.190705OSS/e85f0aa3/e85f0aa3/v_serviceChangeState/v_service.c/266/0/1601975583.588381994/0
========================================================================================
Report      : WARNING
Date        : 2020-10-06T11:13:03+0200
Description : using network interface enp0s3 (192.168.1.48) selected arbitrarily from: enp0s3, docker0

Node        : smartsoft-vm
Process     : java <6774>
Thread      : ddsi2 7ff1962c7700
Internals   : 6.9.190705OSS/e85f0aa3/e85f0aa3/ddsi2/q_nwif.c/989/0/1601975583.596164273/0
========================================================================================
Report      : INFO
Date        : 2020-10-06T11:13:03+0200
Description : ++++++++++++++++++++++++++++++++++++++++++++++++
              ++ The service 'ddsi2' is now operational. 
              ++++++++++++++++++++++++++++++++++++++++++++++++
Node        : smartsoft-vm
Process     : java <6774>
Thread      : ddsi2 7ff1962c7700
Internals   : 6.9.190705OSS/e85f0aa3/e85f0aa3/v_serviceChangeState/v_service.c/266/0/1601975583.616274474/0
========================================================================================
Report      : INFO
Date        : 2020-10-06T11:13:04+0200
Description : The durability service can be identified by ID: 1063532231
Node        : smartsoft-vm
Process     : java <6774>
Thread      : durability 7ff19666b700
Internals   : 6.9.190705OSS/e85f0aa3/e85f0aa3/DurabilityService/d_durability.c/554/0/1601975584.814809978/0
========================================================================================
Report      : INFO
Date        : 2020-10-06T11:13:12+0200
Description : ++++++++++++++++++++++++++++++++++++++++++++++++
              ++ The service 'durability' is now operational. 
              ++++++++++++++++++++++++++++++++++++++++++++++++
Node        : smartsoft-vm
Process     : java <6774>
Thread      : conflictResolver 7ff195f0e700
Internals   : 6.9.190705OSS/e85f0aa3/e85f0aa3/v_serviceChangeState/v_service.c/266/0/1601975592.378737193/0
========================================================================================
Report      : INFO
Date        : 2020-10-06T11:16:28+0200
Description : ================================================
              == The service 'ddsi2' has now terminated. 
              ================================================
Node        : smartsoft-vm
Process     : java <6774>
Thread      : ddsi2 7ff1962c7700
Internals   : 6.9.190705OSS/e85f0aa3/e85f0aa3/v_serviceChangeState/v_service.c/273/0/1601975788.491105480/0
========================================================================================
Report      : INFO
Date        : 2020-10-06T11:16:30+0200
Description : ================================================
              == The service 'durability' has now terminated. 
              ================================================
Node        : smartsoft-vm
Process     : java <6774>
Thread      : durability 7ff19666b700
Internals   : 6.9.190705OSS/e85f0aa3/e85f0aa3/v_serviceChangeState/v_service.c/273/0/1601975790.167653185/0
========================================================================================
Report      : INFO
Date        : 2020-10-06T11:16:30+0200
Description : ================================================
              == The service 'splicedaemon' has now terminated. 
              ================================================
Node        : smartsoft-vm
Process     : java <6774>
Thread      : spliced 7ff1cc3c0700
Internals   : 6.9.190705OSS/e85f0aa3/e85f0aa3/v_serviceChangeState/v_service.c/273/0/1601975790.189846154/0
========================================================================================
Report      : INFO
Date        : 2020-10-06T11:16:30+0200
Description : Removed 9337 objects
Node        : smartsoft-vm
Process     : java <6774>
Thread      : main thread 7ff1cc57a700
Internals   : 6.9.190705OSS/e85f0aa3/e85f0aa3/Database close/c_base.c/3272/0/1601975790.198138193/0
========================================================================================
Report      : INFO
Date        : 2020-10-06T11:32:27+0200
Description : ---------------------------------------------------------------
              -- The service is using the following configuration settings --
              ---------------------------------------------------------------
              Domain (id)          : ospl_sp_ddsi (0)
              Storage              : 0 Kbytes
              Storage threshold    : 1024 Kbytes
              Storage address      : Not available
              Locking              : default
              Memory mode          : Heap memory
              Builtin topics       : true
              Priority inheritance : false
              SystemId             : 2118082285 from [1,2147483647]
Node        : smartsoft-vm
Process     : java <6946>
Thread      : spliced 7f4244320700
Internals   : 6.9.190705OSS/e85f0aa3/e85f0aa3/The OpenSplice domain service/u_domain.c/785/0/1601976747.126052052/0
========================================================================================
Report      : INFO
Date        : 2020-10-06T11:32:27+0200
Description : Service cmsoap disabled
Node        : smartsoft-vm
Process     : java <6946>
Thread      : spliced 7f4244320700
Internals   : 6.9.190705OSS/e85f0aa3/e85f0aa3/OpenSplice domain service/sr_componentInfo.c/446/0/1601976747.126393873/0
========================================================================================
Report      : INFO
Date        : 2020-10-06T11:32:27+0200
Description : ++++++++++++++++++++++++++++++++++++++++++++++++
              ++ The service 'splicedaemon' is now operational. 
              ++++++++++++++++++++++++++++++++++++++++++++++++
Node        : smartsoft-vm
Process     : java <6946>
Thread      : spliced 7f4244320700
Internals   : 6.9.190705OSS/e85f0aa3/e85f0aa3/v_serviceChangeState/v_service.c/266/0/1601976747.126828829/0
========================================================================================
Report      : WARNING
Date        : 2020-10-06T11:32:27+0200
Description : using network interface enp0s3 (192.168.1.48) selected arbitrarily from: enp0s3, docker0

Node        : smartsoft-vm
Process     : java <6946>
Thread      : ddsi2 7f4216219700
Internals   : 6.9.190705OSS/e85f0aa3/e85f0aa3/ddsi2/q_nwif.c/989/0/1601976747.133753708/0
========================================================================================
Report      : INFO
Date        : 2020-10-06T11:32:27+0200
Description : ++++++++++++++++++++++++++++++++++++++++++++++++
              ++ The service 'ddsi2' is now operational. 
              ++++++++++++++++++++++++++++++++++++++++++++++++
Node        : smartsoft-vm
Process     : java <6946>
Thread      : ddsi2 7f4216219700
Internals   : 6.9.190705OSS/e85f0aa3/e85f0aa3/v_serviceChangeState/v_service.c/266/0/1601976747.136892228/0
========================================================================================
Report      : INFO
Date        : 2020-10-06T11:32:28+0200
Description : The durability service can be identified by ID: 2118082285
Node        : smartsoft-vm
Process     : java <6946>
Thread      : durability 7f42165bd700
Internals   : 6.9.190705OSS/e85f0aa3/e85f0aa3/DurabilityService/d_durability.c/554/0/1601976748.301721683/0
========================================================================================
Report      : INFO
Date        : 2020-10-06T11:32:40+0200
Description : ++++++++++++++++++++++++++++++++++++++++++++++++
              ++ The service 'durability' is now operational. 
              ++++++++++++++++++++++++++++++++++++++++++++++++
Node        : smartsoft-vm
Process     : java <6946>
Thread      : conflictResolver 7f4215e71700
Internals   : 6.9.190705OSS/e85f0aa3/e85f0aa3/v_serviceChangeState/v_service.c/266/0/1601976760.510302340/0
========================================================================================
Report      : INFO
Date        : 2020-10-06T11:38:19+0200
Description : ---------------------------------------------------------------
              -- The service is using the following configuration settings --
              ---------------------------------------------------------------
              Domain (id)          : ospl_sp_ddsi (0)
              Storage              : 0 Kbytes
              Storage threshold    : 1024 Kbytes
              Storage address      : Not available
              Locking              : default
              Memory mode          : Heap memory
              Builtin topics       : true
              Priority inheritance : false
              SystemId             : 1204177180 from [1,2147483647]
Node        : smartsoft-vm
Process     : java <7240>
Thread      : spliced 7f6d7155c700
Internals   : 6.9.190705OSS/e85f0aa3/e85f0aa3/The OpenSplice domain service/u_domain.c/785/0/1601977099.090578667/0
========================================================================================
Report      : INFO
Date        : 2020-10-06T11:38:19+0200
Description : Service cmsoap disabled
Node        : smartsoft-vm
Process     : java <7240>
Thread      : spliced 7f6d7155c700
Internals   : 6.9.190705OSS/e85f0aa3/e85f0aa3/OpenSplice domain service/sr_componentInfo.c/446/0/1601977099.090970548/0
========================================================================================
Report      : INFO
Date        : 2020-10-06T11:38:19+0200
Description : ++++++++++++++++++++++++++++++++++++++++++++++++
              ++ The service 'splicedaemon' is now operational. 
              ++++++++++++++++++++++++++++++++++++++++++++++++
Node        : smartsoft-vm
Process     : java <7240>
Thread      : spliced 7f6d7155c700
Internals   : 6.9.190705OSS/e85f0aa3/e85f0aa3/v_serviceChangeState/v_service.c/266/0/1601977099.091434746/0
========================================================================================
Report      : WARNING
Date        : 2020-10-06T11:38:19+0200
Description : using network interface enp0s3 (192.168.1.48) selected arbitrarily from: enp0s3, docker0

Node        : smartsoft-vm
Process     : java <7240>
Thread      : ddsi2 7f6d3b3bc700
Internals   : 6.9.190705OSS/e85f0aa3/e85f0aa3/ddsi2/q_nwif.c/989/0/1601977099.097813619/0
========================================================================================
Report      : INFO
Date        : 2020-10-06T11:38:19+0200
Description : ++++++++++++++++++++++++++++++++++++++++++++++++
              ++ The service 'ddsi2' is now operational. 
              ++++++++++++++++++++++++++++++++++++++++++++++++
Node        : smartsoft-vm
Process     : java <7240>
Thread      : ddsi2 7f6d3b3bc700
Internals   : 6.9.190705OSS/e85f0aa3/e85f0aa3/v_serviceChangeState/v_service.c/266/0/1601977099.101710453/0
========================================================================================
Report      : INFO
Date        : 2020-10-06T11:38:20+0200
Description : The durability service can be identified by ID: 1204177180
Node        : smartsoft-vm
Process     : java <7240>
Thread      : durability 7f6d3b760700
Internals   : 6.9.190705OSS/e85f0aa3/e85f0aa3/DurabilityService/d_durability.c/554/0/1601977100.270706491/0
========================================================================================
Report      : INFO
Date        : 2020-10-06T11:38:27+0200
Description : ++++++++++++++++++++++++++++++++++++++++++++++++
              ++ The service 'durability' is now operational. 
              ++++++++++++++++++++++++++++++++++++++++++++++++
Node        : smartsoft-vm
Process     : java <7240>
Thread      : conflictResolver 7f6d3b09c700
Internals   : 6.9.190705OSS/e85f0aa3/e85f0aa3/v_serviceChangeState/v_service.c/266/0/1601977107.930776492/0
========================================================================================
Report      : INFO
Date        : 2020-10-06T11:39:55+0200
Description : ---------------------------------------------------------------
              -- The service is using the following configuration settings --
              ---------------------------------------------------------------
              Domain (id)          : ospl_sp_ddsi (0)
              Storage              : 0 Kbytes
              Storage threshold    : 1024 Kbytes
              Storage address      : Not available
              Locking              : default
              Memory mode          : Heap memory
              Builtin topics       : true
              Priority inheritance : false
              SystemId             : 1211051896 from [1,2147483647]
Node        : smartsoft-vm
Process     : java <7417>
Thread      : spliced 7f9d47867700
Internals   : 6.9.190705OSS/e85f0aa3/e85f0aa3/The OpenSplice domain service/u_domain.c/785/0/1601977195.429256307/0
========================================================================================
Report      : INFO
Date        : 2020-10-06T11:39:55+0200
Description : Service cmsoap disabled
Node        : smartsoft-vm
Process     : java <7417>
Thread      : spliced 7f9d47867700
Internals   : 6.9.190705OSS/e85f0aa3/e85f0aa3/OpenSplice domain service/sr_componentInfo.c/446/0/1601977195.449611144/0
========================================================================================
Report      : INFO
Date        : 2020-10-06T11:39:55+0200
Description : ++++++++++++++++++++++++++++++++++++++++++++++++
              ++ The service 'splicedaemon' is now operational. 
              ++++++++++++++++++++++++++++++++++++++++++++++++
Node        : smartsoft-vm
Process     : java <7417>
Thread      : spliced 7f9d47867700
Internals   : 6.9.190705OSS/e85f0aa3/e85f0aa3/v_serviceChangeState/v_service.c/266/0/1601977195.450130308/0
========================================================================================
Report      : WARNING
Date        : 2020-10-06T11:39:55+0200
Description : using network interface enp0s3 (192.168.1.48) selected arbitrarily from: enp0s3, docker0

Node        : smartsoft-vm
Process     : java <7417>
Thread      : ddsi2 7f9d2976a700
Internals   : 6.9.190705OSS/e85f0aa3/e85f0aa3/ddsi2/q_nwif.c/989/0/1601977195.454751393/0
========================================================================================
Report      : INFO
Date        : 2020-10-06T11:39:55+0200
Description : ++++++++++++++++++++++++++++++++++++++++++++++++
              ++ The service 'ddsi2' is now operational. 
              ++++++++++++++++++++++++++++++++++++++++++++++++
Node        : smartsoft-vm
Process     : java <7417>
Thread      : ddsi2 7f9d2976a700
Internals   : 6.9.190705OSS/e85f0aa3/e85f0aa3/v_serviceChangeState/v_service.c/266/0/1601977195.476631235/0
========================================================================================
Report      : INFO
Date        : 2020-10-06T11:39:56+0200
Description : The durability service can be identified by ID: 1211051896
Node        : smartsoft-vm
Process     : java <7417>
Thread      : durability 7f9d29b0e700
Internals   : 6.9.190705OSS/e85f0aa3/e85f0aa3/DurabilityService/d_durability.c/554/0/1601977196.668295489/0
========================================================================================
Report      : INFO
Date        : 2020-10-06T11:40:04+0200
Description : ++++++++++++++++++++++++++++++++++++++++++++++++
              ++ The service 'durability' is now operational. 
              ++++++++++++++++++++++++++++++++++++++++++++++++
Node        : smartsoft-vm
Process     : java <7417>
Thread      : conflictResolver 7f9d293b1700
Internals   : 6.9.190705OSS/e85f0aa3/e85f0aa3/v_serviceChangeState/v_service.c/266/0/1601977204.325551019/0
========================================================================================
Report      : INFO
Date        : 2020-10-06T11:40:39+0200
Description : ---------------------------------------------------------------
              -- The service is using the following configuration settings --
              ---------------------------------------------------------------
              Domain (id)          : ospl_sp_ddsi (0)
              Storage              : 0 Kbytes
              Storage threshold    : 1024 Kbytes
              Storage address      : Not available
              Locking              : default
              Memory mode          : Heap memory
              Builtin topics       : true
              Priority inheritance : false
              SystemId             : 1835557512 from [1,2147483647]
Node        : smartsoft-vm
Process     : java <7552>
Thread      : spliced 7f95f69fe700
Internals   : 6.9.190705OSS/e85f0aa3/e85f0aa3/The OpenSplice domain service/u_domain.c/785/0/1601977239.207226885/0
========================================================================================
Report      : INFO
Date        : 2020-10-06T11:40:39+0200
Description : Service cmsoap disabled
Node        : smartsoft-vm
Process     : java <7552>
Thread      : spliced 7f95f69fe700
Internals   : 6.9.190705OSS/e85f0aa3/e85f0aa3/OpenSplice domain service/sr_componentInfo.c/446/0/1601977239.208205864/0
========================================================================================
Report      : INFO
Date        : 2020-10-06T11:40:39+0200
Description : ++++++++++++++++++++++++++++++++++++++++++++++++
              ++ The service 'splicedaemon' is now operational. 
              ++++++++++++++++++++++++++++++++++++++++++++++++
Node        : smartsoft-vm
Process     : java <7552>
Thread      : spliced 7f95f69fe700
Internals   : 6.9.190705OSS/e85f0aa3/e85f0aa3/v_serviceChangeState/v_service.c/266/0/1601977239.209014284/0
========================================================================================
Report      : WARNING
Date        : 2020-10-06T11:40:39+0200
Description : using network interface enp0s3 (192.168.1.48) selected arbitrarily from: enp0s3, docker0

Node        : smartsoft-vm
Process     : java <7552>
Thread      : ddsi2 7f95dc8fa700
Internals   : 6.9.190705OSS/e85f0aa3/e85f0aa3/ddsi2/q_nwif.c/989/0/1601977239.215518459/0
========================================================================================
Report      : INFO
Date        : 2020-10-06T11:40:39+0200
Description : ++++++++++++++++++++++++++++++++++++++++++++++++
              ++ The service 'ddsi2' is now operational. 
              ++++++++++++++++++++++++++++++++++++++++++++++++
Node        : smartsoft-vm
Process     : java <7552>
Thread      : ddsi2 7f95dc8fa700
Internals   : 6.9.190705OSS/e85f0aa3/e85f0aa3/v_serviceChangeState/v_service.c/266/0/1601977239.219407498/0
========================================================================================
Report      : INFO
Date        : 2020-10-06T11:40:39+0200
Description : The durability service can be identified by ID: 1835557512
Node        : smartsoft-vm
Process     : java <7552>
Thread      : durability 7f95dcc9e700
Internals   : 6.9.190705OSS/e85f0aa3/e85f0aa3/DurabilityService/d_durability.c/554/0/1601977239.725777904/0
========================================================================================
Report      : INFO
Date        : 2020-10-06T11:40:47+0200
Description : ++++++++++++++++++++++++++++++++++++++++++++++++
              ++ The service 'durability' is now operational. 
              ++++++++++++++++++++++++++++++++++++++++++++++++
Node        : smartsoft-vm
Process     : java <7552>
Thread      : conflictResolver 7f95dc563700
Internals   : 6.9.190705OSS/e85f0aa3/e85f0aa3/v_serviceChangeState/v_service.c/266/0/1601977247.522753199/0
========================================================================================
Report      : INFO
Date        : 2020-10-06T11:51:40+0200
Description : ---------------------------------------------------------------
              -- The service is using the following configuration settings --
              ---------------------------------------------------------------
              Domain (id)          : ospl_sp_ddsi (0)
              Storage              : 0 Kbytes
              Storage threshold    : 1024 Kbytes
              Storage address      : Not available
              Locking              : default
              Memory mode          : Heap memory
              Builtin topics       : true
              Priority inheritance : false
              SystemId             : 1391319866 from [1,2147483647]
Node        : smartsoft-vm
Process     : java <7944>
Thread      : spliced 7f11a28cc700
Internals   : 6.9.190705OSS/e85f0aa3/e85f0aa3/The OpenSplice domain service/u_domain.c/785/0/1601977900.090495298/0
========================================================================================
Report      : INFO
Date        : 2020-10-06T11:51:40+0200
Description : Service cmsoap disabled
Node        : smartsoft-vm
Process     : java <7944>
Thread      : spliced 7f11a28cc700
Internals   : 6.9.190705OSS/e85f0aa3/e85f0aa3/OpenSplice domain service/sr_componentInfo.c/446/0/1601977900.090861240/0
========================================================================================
Report      : INFO
Date        : 2020-10-06T11:51:40+0200
Description : ++++++++++++++++++++++++++++++++++++++++++++++++
              ++ The service 'splicedaemon' is now operational. 
              ++++++++++++++++++++++++++++++++++++++++++++++++
Node        : smartsoft-vm
Process     : java <7944>
Thread      : spliced 7f11a28cc700
Internals   : 6.9.190705OSS/e85f0aa3/e85f0aa3/v_serviceChangeState/v_service.c/266/0/1601977900.091308070/0
========================================================================================
Report      : WARNING
Date        : 2020-10-06T11:51:40+0200
Description : using network interface enp0s3 (192.168.1.48) selected arbitrarily from: enp0s3, docker0

Node        : smartsoft-vm
Process     : java <7944>
Thread      : ddsi2 7f11887da700
Internals   : 6.9.190705OSS/e85f0aa3/e85f0aa3/ddsi2/q_nwif.c/989/0/1601977900.095303510/0
========================================================================================
Report      : INFO
Date        : 2020-10-06T11:51:40+0200
Description : ++++++++++++++++++++++++++++++++++++++++++++++++
              ++ The service 'ddsi2' is now operational. 
              ++++++++++++++++++++++++++++++++++++++++++++++++
Node        : smartsoft-vm
Process     : java <7944>
Thread      : ddsi2 7f11887da700
Internals   : 6.9.190705OSS/e85f0aa3/e85f0aa3/v_serviceChangeState/v_service.c/266/0/1601977900.101161369/0
========================================================================================
Report      : INFO
Date        : 2020-10-06T11:51:41+0200
Description : The durability service can be identified by ID: 1391319866
Node        : smartsoft-vm
Process     : java <7944>
Thread      : durability 7f1188b7e700
Internals   : 6.9.190705OSS/e85f0aa3/e85f0aa3/DurabilityService/d_durability.c/554/0/1601977901.149066112/0
========================================================================================
Report      : INFO
Date        : 2020-10-06T11:51:48+0200
Description : ++++++++++++++++++++++++++++++++++++++++++++++++
              ++ The service 'durability' is now operational. 
              ++++++++++++++++++++++++++++++++++++++++++++++++
Node        : smartsoft-vm
Process     : java <7944>
Thread      : conflictResolver 7f1188443700
Internals   : 6.9.190705OSS/e85f0aa3/e85f0aa3/v_serviceChangeState/v_service.c/266/0/1601977908.817084081/0
========================================================================================
Report      : INFO
Date        : 2020-10-06T11:52:26+0200
Description : ---------------------------------------------------------------
              -- The service is using the following configuration settings --
              ---------------------------------------------------------------
              Domain (id)          : ospl_sp_ddsi (0)
              Storage              : 0 Kbytes
              Storage threshold    : 1024 Kbytes
              Storage address      : Not available
              Locking              : default
              Memory mode          : Heap memory
              Builtin topics       : true
              Priority inheritance : false
              SystemId             : 1361507871 from [1,2147483647]
Node        : smartsoft-vm
Process     : java <8095>
Thread      : spliced 7f3f61eb3700
Internals   : 6.9.190705OSS/e85f0aa3/e85f0aa3/The OpenSplice domain service/u_domain.c/785/0/1601977946.317466717/0
========================================================================================
Report      : INFO
Date        : 2020-10-06T11:52:26+0200
Description : Service cmsoap disabled
Node        : smartsoft-vm
Process     : java <8095>
Thread      : spliced 7f3f61eb3700
Internals   : 6.9.190705OSS/e85f0aa3/e85f0aa3/OpenSplice domain service/sr_componentInfo.c/446/0/1601977946.317811522/0
========================================================================================
Report      : INFO
Date        : 2020-10-06T11:52:26+0200
Description : ++++++++++++++++++++++++++++++++++++++++++++++++
              ++ The service 'splicedaemon' is now operational. 
              ++++++++++++++++++++++++++++++++++++++++++++++++
Node        : smartsoft-vm
Process     : java <8095>
Thread      : spliced 7f3f61eb3700
Internals   : 6.9.190705OSS/e85f0aa3/e85f0aa3/v_serviceChangeState/v_service.c/266/0/1601977946.318239090/0
========================================================================================
Report      : WARNING
Date        : 2020-10-06T11:52:26+0200
Description : using network interface enp0s3 (192.168.1.48) selected arbitrarily from: enp0s3, docker0

Node        : smartsoft-vm
Process     : java <8095>
Thread      : ddsi2 7f3f2bd5c700
Internals   : 6.9.190705OSS/e85f0aa3/e85f0aa3/ddsi2/q_nwif.c/989/0/1601977946.325379746/0
========================================================================================
Report      : INFO
Date        : 2020-10-06T11:52:26+0200
Description : ++++++++++++++++++++++++++++++++++++++++++++++++
              ++ The service 'ddsi2' is now operational. 
              ++++++++++++++++++++++++++++++++++++++++++++++++
Node        : smartsoft-vm
Process     : java <8095>
Thread      : ddsi2 7f3f2bd5c700
Internals   : 6.9.190705OSS/e85f0aa3/e85f0aa3/v_serviceChangeState/v_service.c/266/0/1601977946.328650847/0
========================================================================================
Report      : INFO
Date        : 2020-10-06T11:52:27+0200
Description : The durability service can be identified by ID: 1361507871
Node        : smartsoft-vm
Process     : java <8095>
Thread      : durability 7f3f48141700
Internals   : 6.9.190705OSS/e85f0aa3/e85f0aa3/DurabilityService/d_durability.c/554/0/1601977947.517909263/0
========================================================================================
Report      : INFO
Date        : 2020-10-06T11:52:35+0200
Description : ++++++++++++++++++++++++++++++++++++++++++++++++
              ++ The service 'durability' is now operational. 
              ++++++++++++++++++++++++++++++++++++++++++++++++
Node        : smartsoft-vm
Process     : java <8095>
Thread      : conflictResolver 7f3f2b9f8700
Internals   : 6.9.190705OSS/e85f0aa3/e85f0aa3/v_serviceChangeState/v_service.c/266/0/1601977955.190451930/0
========================================================================================
Report      : INFO
Date        : 2020-10-06T11:52:56+0200
Description : ================================================
              == The service 'ddsi2' has now terminated. 
              ================================================
Node        : smartsoft-vm
Process     : java <8095>
Thread      : ddsi2 7f3f2bd5c700
Internals   : 6.9.190705OSS/e85f0aa3/e85f0aa3/v_serviceChangeState/v_service.c/273/0/1601977976.085854315/0
========================================================================================
Report      : INFO
Date        : 2020-10-06T11:52:57+0200
Description : ================================================
              == The service 'durability' has now terminated. 
              ================================================
Node        : smartsoft-vm
Process     : java <8095>
Thread      : durability 7f3f48141700
Internals   : 6.9.190705OSS/e85f0aa3/e85f0aa3/v_serviceChangeState/v_service.c/273/0/1601977977.715905229/0
========================================================================================
Report      : INFO
Date        : 2020-10-06T11:52:57+0200
Description : ================================================
              == The service 'splicedaemon' has now terminated. 
              ================================================
Node        : smartsoft-vm
Process     : java <8095>
Thread      : spliced 7f3f61eb3700
Internals   : 6.9.190705OSS/e85f0aa3/e85f0aa3/v_serviceChangeState/v_service.c/273/0/1601977977.779415565/0
========================================================================================
Report      : INFO
Date        : 2020-10-06T11:52:57+0200
Description : Removed 9325 objects
Node        : smartsoft-vm
Process     : java <8095>
Thread      : main thread 7f3f6206d700
Internals   : 6.9.190705OSS/e85f0aa3/e85f0aa3/Database close/c_base.c/3272/0/1601977977.787991325/0
========================================================================================
Report      : INFO
Date        : 2020-10-06T12:03:16+0200
Description : ---------------------------------------------------------------
              -- The service is using the following configuration settings --
              ---------------------------------------------------------------
              Domain (id)          : ospl_sp_ddsi (0)
              Storage              : 0 Kbytes
              Storage threshold    : 1024 Kbytes
              Storage address      : Not available
              Locking              : default
              Memory mode          : Heap memory
              Builtin topics       : true
              Priority inheritance : false
              SystemId             : 54543673 from [1,2147483647]
Node        : smartsoft-vm
Process     : java <8313>
Thread      : spliced 7f6dcbfd6700
Internals   : 6.9.190705OSS/e85f0aa3/e85f0aa3/The OpenSplice domain service/u_domain.c/785/0/1601978596.886060314/0
========================================================================================
Report      : INFO
Date        : 2020-10-06T12:03:16+0200
Description : Service cmsoap disabled
Node        : smartsoft-vm
Process     : java <8313>
Thread      : spliced 7f6dcbfd6700
Internals   : 6.9.190705OSS/e85f0aa3/e85f0aa3/OpenSplice domain service/sr_componentInfo.c/446/0/1601978596.899021658/0
========================================================================================
Report      : INFO
Date        : 2020-10-06T12:03:16+0200
Description : ++++++++++++++++++++++++++++++++++++++++++++++++
              ++ The service 'splicedaemon' is now operational. 
              ++++++++++++++++++++++++++++++++++++++++++++++++
Node        : smartsoft-vm
Process     : java <8313>
Thread      : spliced 7f6dcbfd6700
Internals   : 6.9.190705OSS/e85f0aa3/e85f0aa3/v_serviceChangeState/v_service.c/266/0/1601978596.901364597/0
========================================================================================
Report      : WARNING
Date        : 2020-10-06T12:03:16+0200
Description : using network interface enp0s3 (192.168.1.48) selected arbitrarily from: enp0s3, docker0

Node        : smartsoft-vm
Process     : java <8313>
Thread      : ddsi2 7f6da5eda700
Internals   : 6.9.190705OSS/e85f0aa3/e85f0aa3/ddsi2/q_nwif.c/989/0/1601978596.913831184/0
========================================================================================
Report      : INFO
Date        : 2020-10-06T12:03:16+0200
Description : ++++++++++++++++++++++++++++++++++++++++++++++++
              ++ The service 'ddsi2' is now operational. 
              ++++++++++++++++++++++++++++++++++++++++++++++++
Node        : smartsoft-vm
Process     : java <8313>
Thread      : ddsi2 7f6da5eda700
Internals   : 6.9.190705OSS/e85f0aa3/e85f0aa3/v_serviceChangeState/v_service.c/266/0/1601978596.930799050/0
========================================================================================
Report      : INFO
Date        : 2020-10-06T12:03:18+0200
Description : The durability service can be identified by ID: 54543673
Node        : smartsoft-vm
Process     : java <8313>
Thread      : durability 7f6da627e700
Internals   : 6.9.190705OSS/e85f0aa3/e85f0aa3/DurabilityService/d_durability.c/554/0/1601978598.061362908/0
========================================================================================
Report      : INFO
Date        : 2020-10-06T12:03:25+0200
Description : ++++++++++++++++++++++++++++++++++++++++++++++++
              ++ The service 'durability' is now operational. 
              ++++++++++++++++++++++++++++++++++++++++++++++++
Node        : smartsoft-vm
Process     : java <8313>
Thread      : conflictResolver 7f6da5b21700
Internals   : 6.9.190705OSS/e85f0aa3/e85f0aa3/v_serviceChangeState/v_service.c/266/0/1601978605.589393622/0
========================================================================================
Report      : INFO
Date        : 2020-10-06T12:08:42+0200
Description : Missed heartbeat for node 1035010098. (DCPSPublication is complete)
Node        : smartsoft-vm
Process     : java <8313>
Thread      : OSPL Garbage Collector 7f6da6b2e700
Internals   : 6.9.190705OSS/e85f0aa3/e85f0aa3/v_spliced/v_spliced.c/2062/769/1601978922.197003344/0
========================================================================================
Report      : INFO
Date        : 2020-10-06T12:08:54+0200
Description : ---------------------------------------------------------------
              -- The service is using the following configuration settings --
              ---------------------------------------------------------------
              Domain (id)          : ospl_sp_ddsi (0)
              Storage              : 0 Kbytes
              Storage threshold    : 1024 Kbytes
              Storage address      : Not available
              Locking              : default
              Memory mode          : Heap memory
              Builtin topics       : true
              Priority inheritance : false
              SystemId             : 576400121 from [1,2147483647]
Node        : smartsoft-vm
Process     : java <8527>
Thread      : spliced 7f7d68a96700
Internals   : 6.9.190705OSS/e85f0aa3/e85f0aa3/The OpenSplice domain service/u_domain.c/785/0/1601978934.234453022/0
========================================================================================
Report      : INFO
Date        : 2020-10-06T12:08:54+0200
Description : Service cmsoap disabled
Node        : smartsoft-vm
Process     : java <8527>
Thread      : spliced 7f7d68a96700
Internals   : 6.9.190705OSS/e85f0aa3/e85f0aa3/OpenSplice domain service/sr_componentInfo.c/446/0/1601978934.258897230/0
========================================================================================
Report      : INFO
Date        : 2020-10-06T12:08:54+0200
Description : ++++++++++++++++++++++++++++++++++++++++++++++++
              ++ The service 'splicedaemon' is now operational. 
              ++++++++++++++++++++++++++++++++++++++++++++++++
Node        : smartsoft-vm
Process     : java <8527>
Thread      : spliced 7f7d68a96700
Internals   : 6.9.190705OSS/e85f0aa3/e85f0aa3/v_serviceChangeState/v_service.c/266/0/1601978934.268377899/0
========================================================================================
Report      : WARNING
Date        : 2020-10-06T12:08:54+0200
Description : using network interface enp0s3 (192.168.1.48) selected arbitrarily from: enp0s3, docker0

Node        : smartsoft-vm
Process     : java <8527>
Thread      : ddsi2 7f7d3299c700
Internals   : 6.9.190705OSS/e85f0aa3/e85f0aa3/ddsi2/q_nwif.c/989/0/1601978934.271420445/0
========================================================================================
Report      : INFO
Date        : 2020-10-06T12:08:54+0200
Description : ++++++++++++++++++++++++++++++++++++++++++++++++
              ++ The service 'ddsi2' is now operational. 
              ++++++++++++++++++++++++++++++++++++++++++++++++
Node        : smartsoft-vm
Process     : java <8527>
Thread      : ddsi2 7f7d3299c700
Internals   : 6.9.190705OSS/e85f0aa3/e85f0aa3/v_serviceChangeState/v_service.c/266/0/1601978934.297036225/0
========================================================================================
Report      : INFO
Date        : 2020-10-06T12:08:54+0200
Description : The durability service can be identified by ID: 576400121
Node        : smartsoft-vm
Process     : java <8527>
Thread      : durability 7f7d32d40700
Internals   : 6.9.190705OSS/e85f0aa3/e85f0aa3/DurabilityService/d_durability.c/554/0/1601978934.519505541/0
========================================================================================
Report      : INFO
Date        : 2020-10-06T12:09:04+0200
Description : ++++++++++++++++++++++++++++++++++++++++++++++++
              ++ The service 'durability' is now operational. 
              ++++++++++++++++++++++++++++++++++++++++++++++++
Node        : smartsoft-vm
Process     : java <8527>
Thread      : conflictResolver 7f7d32605700
Internals   : 6.9.190705OSS/e85f0aa3/e85f0aa3/v_serviceChangeState/v_service.c/266/0/1601978944.227506275/0
========================================================================================
Report      : INFO
Date        : 2020-10-06T12:09:38+0200
Description : Missed heartbeat for node 1045681420. (DCPSPublication is complete)
Node        : smartsoft-vm
Process     : java <8527>
Thread      : OSPL Garbage Collector 7f7d335f0700
Internals   : 6.9.190705OSS/e85f0aa3/e85f0aa3/v_spliced/v_spliced.c/2062/769/1601978978.388396966/0
========================================================================================
Report      : INFO
Date        : 2020-10-06T12:13:03+0200
Description : ---------------------------------------------------------------
              -- The service is using the following configuration settings --
              ---------------------------------------------------------------
              Domain (id)          : ospl_sp_ddsi (0)
              Storage              : 0 Kbytes
              Storage threshold    : 1024 Kbytes
              Storage address      : Not available
              Locking              : default
              Memory mode          : Heap memory
              Builtin topics       : true
              Priority inheritance : false
              SystemId             : 2112677856 from [1,2147483647]
Node        : smartsoft-vm
Process     : java <8820>
Thread      : spliced 7f268009b700
Internals   : 6.9.190705OSS/e85f0aa3/e85f0aa3/The OpenSplice domain service/u_domain.c/785/0/1601979183.194305345/0
========================================================================================
Report      : INFO
Date        : 2020-10-06T12:13:03+0200
Description : Service cmsoap disabled
Node        : smartsoft-vm
Process     : java <8820>
Thread      : spliced 7f268009b700
Internals   : 6.9.190705OSS/e85f0aa3/e85f0aa3/OpenSplice domain service/sr_componentInfo.c/446/0/1601979183.194651098/0
========================================================================================
Report      : INFO
Date        : 2020-10-06T12:13:03+0200
Description : ++++++++++++++++++++++++++++++++++++++++++++++++
              ++ The service 'splicedaemon' is now operational. 
              ++++++++++++++++++++++++++++++++++++++++++++++++
Node        : smartsoft-vm
Process     : java <8820>
Thread      : spliced 7f268009b700
Internals   : 6.9.190705OSS/e85f0aa3/e85f0aa3/v_serviceChangeState/v_service.c/266/0/1601979183.195101936/0
========================================================================================
Report      : WARNING
Date        : 2020-10-06T12:13:03+0200
Description : using network interface enp0s3 (192.168.1.48) selected arbitrarily from: enp0s3, docker0

Node        : smartsoft-vm
Process     : java <8820>
Thread      : ddsi2 7f264fa0b700
Internals   : 6.9.190705OSS/e85f0aa3/e85f0aa3/ddsi2/q_nwif.c/989/0/1601979183.201549679/0
========================================================================================
Report      : INFO
Date        : 2020-10-06T12:13:03+0200
Description : ++++++++++++++++++++++++++++++++++++++++++++++++
              ++ The service 'ddsi2' is now operational. 
              ++++++++++++++++++++++++++++++++++++++++++++++++
Node        : smartsoft-vm
Process     : java <8820>
Thread      : ddsi2 7f264fa0b700
Internals   : 6.9.190705OSS/e85f0aa3/e85f0aa3/v_serviceChangeState/v_service.c/266/0/1601979183.204615983/0
========================================================================================
Report      : INFO
Date        : 2020-10-06T12:13:04+0200
Description : The durability service can be identified by ID: 2112677856
Node        : smartsoft-vm
Process     : java <8820>
Thread      : durability 7f264fdaf700
Internals   : 6.9.190705OSS/e85f0aa3/e85f0aa3/DurabilityService/d_durability.c/554/0/1601979184.388981227/0
========================================================================================
Report      : INFO
Date        : 2020-10-06T12:13:13+0200
Description : ++++++++++++++++++++++++++++++++++++++++++++++++
              ++ The service 'durability' is now operational. 
              ++++++++++++++++++++++++++++++++++++++++++++++++
Node        : smartsoft-vm
Process     : java <8820>
Thread      : conflictResolver 7f264f652700
Internals   : 6.9.190705OSS/e85f0aa3/e85f0aa3/v_serviceChangeState/v_service.c/266/0/1601979193.990199021/0
========================================================================================
Report      : INFO
Date        : 2020-10-21T16:13:48+0200
Description : ---------------------------------------------------------------
              -- The service is using the following configuration settings --
              ---------------------------------------------------------------
              Domain (id)          : ospl_sp_ddsi (0)
              Storage              : 0 Kbytes
              Storage threshold    : 1024 Kbytes
              Storage address      : Not available
              Locking              : default
              Memory mode          : Heap memory
              Builtin topics       : true
              Priority inheritance : false
              SystemId             : 98654162 from [1,2147483647]
Node        : smartsoft-vm
Process     : java <9750>
Thread      : spliced 7fc4abe8e700
Internals   : 6.9.190705OSS/e85f0aa3/e85f0aa3/The OpenSplice domain service/u_domain.c/785/0/1603289628.287962899/0
Description : ---------------------------------------------------------------
              -- The service is using the following configuration settings --
              ---------------------------------------------------------------
              Domain (id)          : ospl_sp_ddsi (0)
              Storage              : 0 Kbytes
              Storage threshold    : 1024 Kbytes
              Storage address      : Not available
              Locking              : default
              Memory mode          : Heap memory
              Builtin topics       : true
              Priority inheritance : false
              SystemId             : 2112424931 from [1,2147483647]
Node        : smartsoft-vm
Process     : java <9284>
Thread      : spliced 7fb44db38700
Internals   : 6.9.190705OSS/e85f0aa3/e85f0aa3/The OpenSplice domain service/u_domain.c/785/0/1603361504.862302640/0
Description : ---------------------------------------------------------------
              -- The service is using the following configuration settings --
              ---------------------------------------------------------------
              Domain (id)          : ospl_sp_ddsi (0)
              Storage              : 0 Kbytes
              Storage threshold    : 1024 Kbytes
              Storage address      : Not available
              Locking              : default
              Memory mode          : Heap memory
              Builtin topics       : true
              Priority inheritance : false
              SystemId             : 767615439 from [1,2147483647]
Node        : smartsoft-vm
Process     : java <9596>
Thread      : spliced 7fd0f9cfe700
Internals   : 6.9.190705OSS/e85f0aa3/e85f0aa3/The OpenSplice domain service/u_domain.c/785/0/1603361689.120145628/0
Description : ---------------------------------------------------------------
              -- The service is using the following configuration settings --
              ---------------------------------------------------------------
              Domain (id)          : ospl_sp_ddsi (0)
              Storage              : 0 Kbytes
              Storage threshold    : 1024 Kbytes
              Storage address      : Not available
              Locking              : default
              Memory mode          : Heap memory
              Builtin topics       : true
              Priority inheritance : false
              SystemId             : 1428450647 from [1,2147483647]
Node        : smartsoft-vm
Process     : java <9747>
Thread      : spliced 7f944b66a700
Internals   : 6.9.190705OSS/e85f0aa3/e85f0aa3/The OpenSplice domain service/u_domain.c/785/0/1603361722.533886781/0
Description : ---------------------------------------------------------------
              -- The service is using the following configuration settings --
              ---------------------------------------------------------------
              Domain (id)          : ospl_sp_ddsi (0)
              Storage              : 0 Kbytes
              Storage threshold    : 1024 Kbytes
              Storage address      : Not available
              Locking              : default
              Memory mode          : Heap memory
              Builtin topics       : true
              Priority inheritance : false
              SystemId             : 1779559269 from [1,2147483647]
Node        : smartsoft-vm
Process     : java <9895>
Thread      : spliced 7fda3f5aa700
Internals   : 6.9.190705OSS/e85f0aa3/e85f0aa3/The OpenSplice domain service/u_domain.c/785/0/1603361729.757603855/0
Description : ---------------------------------------------------------------
              -- The service is using the following configuration settings --
              ---------------------------------------------------------------
              Domain (id)          : ospl_sp_ddsi (0)
              Storage              : 0 Kbytes
              Storage threshold    : 1024 Kbytes
              Storage address      : Not available
              Locking              : default
              Memory mode          : Heap memory
              Builtin topics       : true
              Priority inheritance : false
              SystemId             : 831386230 from [1,2147483647]
Node        : smartsoft-vm
Process     : java <10132>
Thread      : spliced 7f282f56c700
Internals   : 6.9.190705OSS/e85f0aa3/e85f0aa3/The OpenSplice domain service/u_domain.c/785/0/1603361797.639555329/0
Description : ---------------------------------------------------------------
              -- The service is using the following configuration settings --
              ---------------------------------------------------------------
              Domain (id)          : ospl_sp_ddsi (0)
              Storage              : 0 Kbytes
              Storage threshold    : 1024 Kbytes
              Storage address      : Not available
              Locking              : default
              Memory mode          : Heap memory
              Builtin topics       : true
              Priority inheritance : false
              SystemId             : 1671435527 from [1,2147483647]
Node        : smartsoft-vm
Process     : java <10451>
Thread      : spliced 7f4e5b910700
Internals   : 6.9.190705OSS/e85f0aa3/e85f0aa3/The OpenSplice domain service/u_domain.c/785/0/1603361882.959491346/0
Description : ---------------------------------------------------------------
              -- The service is using the following configuration settings --
              ---------------------------------------------------------------
              Domain (id)          : ospl_sp_ddsi (0)
              Storage              : 0 Kbytes
              Storage threshold    : 1024 Kbytes
              Storage address      : Not available
              Locking              : default
              Memory mode          : Heap memory
              Builtin topics       : true
              Priority inheritance : false
              SystemId             : 927735023 from [1,2147483647]
Node        : smartsoft-vm
Process     : java <10652>
Thread      : spliced 7f3cc9f2d700
Internals   : 6.9.190705OSS/e85f0aa3/e85f0aa3/The OpenSplice domain service/u_domain.c/785/0/1603362070.523441912/0
Description : ---------------------------------------------------------------
              -- The service is using the following configuration settings --
              ---------------------------------------------------------------
              Domain (id)          : ospl_sp_ddsi (0)
              Storage              : 0 Kbytes
              Storage threshold    : 1024 Kbytes
              Storage address      : Not available
              Locking              : default
              Memory mode          : Heap memory
              Builtin topics       : true
              Priority inheritance : false
              SystemId             : 80834142 from [1,2147483647]
Node        : smartsoft-vm
Process     : java <10880>
Thread      : spliced 7ffba992d700
Internals   : 6.9.190705OSS/e85f0aa3/e85f0aa3/The OpenSplice domain service/u_domain.c/785/0/1603362143.220903243/0
Description : ---------------------------------------------------------------
              -- The service is using the following configuration settings --
              ---------------------------------------------------------------
              Domain (id)          : ospl_sp_ddsi (0)
              Storage              : 0 Kbytes
              Storage threshold    : 1024 Kbytes
              Storage address      : Not available
              Locking              : default
              Memory mode          : Heap memory
              Builtin topics       : true
              Priority inheritance : false
              SystemId             : 2014738058 from [1,2147483647]
Node        : smartsoft-vm
Process     : java <11114>
Thread      : spliced 7fe23a21b700
Internals   : 6.9.190705OSS/e85f0aa3/e85f0aa3/The OpenSplice domain service/u_domain.c/785/0/1603362214.598511770/0
Description : ---------------------------------------------------------------
              -- The service is using the following configuration settings --
              ---------------------------------------------------------------
              Domain (id)          : ospl_sp_ddsi (0)
              Storage              : 0 Kbytes
              Storage threshold    : 1024 Kbytes
              Storage address      : Not available
              Locking              : default
              Memory mode          : Heap memory
              Builtin topics       : true
              Priority inheritance : false
              SystemId             : 1208768703 from [1,2147483647]
Node        : smartsoft-vm
Process     : java <11330>
Thread      : spliced 7f5052435700
Internals   : 6.9.190705OSS/e85f0aa3/e85f0aa3/The OpenSplice domain service/u_domain.c/785/0/1603362774.941041249/0
Description : ---------------------------------------------------------------
              -- The service is using the following configuration settings --
              ---------------------------------------------------------------
              Domain (id)          : ospl_sp_ddsi (0)
              Storage              : 0 Kbytes
              Storage threshold    : 1024 Kbytes
              Storage address      : Not available
              Locking              : default
              Memory mode          : Heap memory
              Builtin topics       : true
              Priority inheritance : false
              SystemId             : 180716391 from [1,2147483647]
Node        : smartsoft-vm
Process     : java <11650>
Thread      : spliced 7fe79a193700
Internals   : 6.9.190705OSS/e85f0aa3/e85f0aa3/The OpenSplice domain service/u_domain.c/785/0/1603362876.561264433/0
Description : ---------------------------------------------------------------
              -- The service is using the following configuration settings --
              ---------------------------------------------------------------
              Domain (id)          : ospl_sp_ddsi (0)
              Storage              : 0 Kbytes
              Storage threshold    : 1024 Kbytes
              Storage address      : Not available
              Locking              : default
              Memory mode          : Heap memory
              Builtin topics       : true
              Priority inheritance : false
              SystemId             : 31551836 from [1,2147483647]
Node        : Zotac-Miron
Process     : java <18893>
Thread      : spliced 7fefc8014700
Internals   : 6.9.190403OSS/bb590263/bb590263/The OpenSplice domain service/u_domain.c/785/0/1603363197.673607813/0
Description : ++++++++++++++++++++++++++++++++++++++++++++++++
              ++ The service 'splicedaemon' is now operational. 
              ++++++++++++++++++++++++++++++++++++++++++++++++
Node        : Zotac-Miron
Process     : java <18893>
Thread      : spliced 7fefc8014700
Internals   : 6.9.190403OSS/bb590263/bb590263/v_serviceChangeState/v_service.c/266/0/1603363197.674142329/0
Description : ++++++++++++++++++++++++++++++++++++++++++++++++
              ++ The service 'ddsi2' is now operational. 
              ++++++++++++++++++++++++++++++++++++++++++++++++
Node        : Zotac-Miron
Process     : java <18893>
Thread      : ddsi2 7fefba50c700
Internals   : 6.9.190403OSS/bb590263/bb590263/v_serviceChangeState/v_service.c/266/0/1603363197.679673120/0
Description : ++++++++++++++++++++++++++++++++++++++++++++++++
              ++ The service 'durability' is now operational. 
              ++++++++++++++++++++++++++++++++++++++++++++++++
Node        : Zotac-Miron
Process     : java <18893>
Thread      : conflictResolver 7fefba175700
Internals   : 6.9.190403OSS/bb590263/bb590263/v_serviceChangeState/v_service.c/266/0/1603363209.270399293/0
Description : ---------------------------------------------------------------
              -- The service is using the following configuration settings --
              ---------------------------------------------------------------
              Domain (id)          : ospl_sp_ddsi (0)
              Storage              : 0 Kbytes
              Storage threshold    : 1024 Kbytes
              Storage address      : Not available
              Locking              : default
              Memory mode          : Heap memory
              Builtin topics       : true
              Priority inheritance : false
              SystemId             : 883876523 from [1,2147483647]
Node        : Zotac-Miron
Process     : java <25145>
Thread      : spliced 7f6f5c012700
Internals   : 6.9.190403OSS/bb590263/bb590263/The OpenSplice domain service/u_domain.c/785/0/1603366232.866233252/0
Description : ++++++++++++++++++++++++++++++++++++++++++++++++
              ++ The service 'splicedaemon' is now operational. 
              ++++++++++++++++++++++++++++++++++++++++++++++++
Node        : Zotac-Miron
Process     : java <25145>
Thread      : spliced 7f6f5c012700
Internals   : 6.9.190403OSS/bb590263/bb590263/v_serviceChangeState/v_service.c/266/0/1603366232.866865077/0
Description : ++++++++++++++++++++++++++++++++++++++++++++++++
              ++ The service 'ddsi2' is now operational. 
              ++++++++++++++++++++++++++++++++++++++++++++++++
Node        : Zotac-Miron
Process     : java <25145>
Thread      : ddsi2 7f6f2d7a4700
Internals   : 6.9.190403OSS/bb590263/bb590263/v_serviceChangeState/v_service.c/266/0/1603366232.872366734/0
Description : ++++++++++++++++++++++++++++++++++++++++++++++++
              ++ The service 'durability' is now operational. 
              ++++++++++++++++++++++++++++++++++++++++++++++++
Node        : Zotac-Miron
Process     : java <25145>
Thread      : conflictResolver 7f6f2d41e700
Internals   : 6.9.190403OSS/bb590263/bb590263/v_serviceChangeState/v_service.c/266/0/1603366240.464941617/0
Description : ---------------------------------------------------------------
              -- The service is using the following configuration settings --
              ---------------------------------------------------------------
              Domain (id)          : ospl_sp_ddsi (0)
              Storage              : 0 Kbytes
              Storage threshold    : 1024 Kbytes
              Storage address      : Not available
              Locking              : default
              Memory mode          : Heap memory
              Builtin topics       : true
              Priority inheritance : false
              SystemId             : 1231922464 from [1,2147483647]
Node        : Zotac-Miron
Process     : java <29987>
Thread      : spliced 7f65553c6700
Internals   : 6.9.190403OSS/bb590263/bb590263/The OpenSplice domain service/u_domain.c/785/0/1603724795.875426183/0
Description : ++++++++++++++++++++++++++++++++++++++++++++++++
              ++ The service 'splicedaemon' is now operational. 
              ++++++++++++++++++++++++++++++++++++++++++++++++
Node        : Zotac-Miron
Process     : java <29987>
Thread      : spliced 7f65553c6700
Internals   : 6.9.190403OSS/bb590263/bb590263/v_serviceChangeState/v_service.c/266/0/1603724795.877282232/0
Description : ++++++++++++++++++++++++++++++++++++++++++++++++
              ++ The service 'ddsi2' is now operational. 
              ++++++++++++++++++++++++++++++++++++++++++++++++
Node        : Zotac-Miron
Process     : java <29987>
Thread      : ddsi2 7f6554519700
Internals   : 6.9.190403OSS/bb590263/bb590263/v_serviceChangeState/v_service.c/266/0/1603724795.886595539/0
Description : ++++++++++++++++++++++++++++++++++++++++++++++++
              ++ The service 'durability' is now operational. 
              ++++++++++++++++++++++++++++++++++++++++++++++++
Node        : Zotac-Miron
Process     : java <29987>
Thread      : conflictResolver 7f65541a4700
Internals   : 6.9.190403OSS/bb590263/bb590263/v_serviceChangeState/v_service.c/266/0/1603724803.859765401/0
