========================================================================================
Report      : INFO
Date        : 2020-10-20T12:18:48+0200
Description : ---------------------------------------------------------------
              -- The service is using the following configuration settings --
              ---------------------------------------------------------------
              Domain (id)          : ospl_sp_ddsi (0)
              Storage              : 0 Kbytes
              Storage threshold    : 1024 Kbytes
              Storage address      : Not available
              Locking              : default
              Memory mode          : Heap memory
              Builtin topics       : true
              Priority inheritance : false
              SystemId             : 164072795 from [1,2147483647]
Node        : Zotac-Miron
Process     : publisher <19131>
Thread      : spliced 7f5a44025700
Internals   : 6.9.190403OSS/bb590263/bb590263/The OpenSplice domain service/u_domain.c/785/0/1603189128.436986347/0
========================================================================================
Report      : INFO
Date        : 2020-10-20T12:18:48+0200
Description : Service cmsoap disabled
Node        : Zotac-Miron
Process     : publisher <19131>
Thread      : spliced 7f5a44025700
Internals   : 6.9.190403OSS/bb590263/bb590263/OpenSplice domain service/sr_componentInfo.c/446/0/1603189128.437355926/0
========================================================================================
Report      : INFO
Date        : 2020-10-20T12:18:48+0200
Description : ++++++++++++++++++++++++++++++++++++++++++++++++
              ++ The service 'splicedaemon' is now operational. 
              ++++++++++++++++++++++++++++++++++++++++++++++++
Node        : Zotac-Miron
Process     : publisher <19131>
Thread      : spliced 7f5a44025700
Internals   : 6.9.190403OSS/bb590263/bb590263/v_serviceChangeState/v_service.c/266/0/1603189128.437812314/0
========================================================================================
Report      : WARNING
Date        : 2020-10-20T12:18:48+0200
Description : No multicast capable interfaces: disabling multicast

Node        : Zotac-Miron
Process     : publisher <19131>
Thread      : ddsi2 7f5a40be9700
Internals   : 6.9.190403OSS/bb590263/bb590263/ddsi2/q_init.c/660/0/1603189128.441251333/0
========================================================================================
Report      : INFO
Date        : 2020-10-20T12:18:48+0200
Description : ++++++++++++++++++++++++++++++++++++++++++++++++
              ++ The service 'ddsi2' is now operational. 
              ++++++++++++++++++++++++++++++++++++++++++++++++
Node        : Zotac-Miron
Process     : publisher <19131>
Thread      : ddsi2 7f5a40be9700
Internals   : 6.9.190403OSS/bb590263/bb590263/v_serviceChangeState/v_service.c/266/0/1603189128.445229597/0
========================================================================================
Report      : INFO
Date        : 2020-10-20T12:18:48+0200
Description : The durability service can be identified by ID: 164072795
Node        : Zotac-Miron
Process     : publisher <19131>
Thread      : durability 7f5a40f8d700
Internals   : 6.9.190403OSS/bb590263/bb590263/DurabilityService/d_durability.c/554/0/1603189128.753994556/0
========================================================================================
Report      : INFO
Date        : 2020-10-20T12:18:56+0200
Description : ++++++++++++++++++++++++++++++++++++++++++++++++
              ++ The service 'durability' is now operational. 
              ++++++++++++++++++++++++++++++++++++++++++++++++
Node        : Zotac-Miron
Process     : publisher <19131>
Thread      : conflictResolver 7f5a40874700
Internals   : 6.9.190403OSS/bb590263/bb590263/v_serviceChangeState/v_service.c/266/0/1603189136.026511736/0
========================================================================================
Report      : INFO
Date        : 2020-10-20T12:19:03+0200
Description : Termination request (signal 2) received from PID 19131 (self), UID 1000
Node        : Zotac-Miron
Process     : publisher <19131>
Thread      : signalHandler 7f5a41ebf700
Internals   : 6.9.190403OSS/bb590263/bb590263/signalHandlerThread/os_signalHandler.c/632/0/1603189143.136425955/0
========================================================================================
Report      : INFO
Date        : 2020-10-20T12:20:01+0200
Description : ---------------------------------------------------------------
              -- The service is using the following configuration settings --
              ---------------------------------------------------------------
              Domain (id)          : ospl_sp_ddsi (0)
              Storage              : 0 Kbytes
              Storage threshold    : 1024 Kbytes
              Storage address      : Not available
              Locking              : default
              Memory mode          : Heap memory
              Builtin topics       : true
              Priority inheritance : false
              SystemId             : 1341909174 from [1,2147483647]
Node        : Zotac-Miron
Process     : publisher <19887>
Thread      : spliced 7fad986ce700
Internals   : 6.9.190403OSS/bb590263/bb590263/The OpenSplice domain service/u_domain.c/785/0/1603189201.554655622/0
========================================================================================
Report      : INFO
Date        : 2020-10-20T12:20:01+0200
Description : Service cmsoap disabled
Node        : Zotac-Miron
Process     : publisher <19887>
Thread      : spliced 7fad986ce700
Internals   : 6.9.190403OSS/bb590263/bb590263/OpenSplice domain service/sr_componentInfo.c/446/0/1603189201.554914339/0
========================================================================================
Report      : INFO
Date        : 2020-10-20T12:20:01+0200
Description : ++++++++++++++++++++++++++++++++++++++++++++++++
              ++ The service 'splicedaemon' is now operational. 
              ++++++++++++++++++++++++++++++++++++++++++++++++
Node        : Zotac-Miron
Process     : publisher <19887>
Thread      : spliced 7fad986ce700
Internals   : 6.9.190403OSS/bb590263/bb590263/v_serviceChangeState/v_service.c/266/0/1603189201.555267679/0
========================================================================================
Report      : INFO
Date        : 2020-10-20T12:20:01+0200
Description : ++++++++++++++++++++++++++++++++++++++++++++++++
              ++ The service 'ddsi2' is now operational. 
              ++++++++++++++++++++++++++++++++++++++++++++++++
Node        : Zotac-Miron
Process     : publisher <19887>
Thread      : ddsi2 7fad95292700
Internals   : 6.9.190403OSS/bb590263/bb590263/v_serviceChangeState/v_service.c/266/0/1603189201.560705065/0
========================================================================================
Report      : INFO
Date        : 2020-10-20T12:20:01+0200
Description : The durability service can be identified by ID: 1341909174
Node        : Zotac-Miron
Process     : publisher <19887>
Thread      : durability 7fad95636700
Internals   : 6.9.190403OSS/bb590263/bb590263/DurabilityService/d_durability.c/554/0/1603189201.869768882/0
========================================================================================
Report      : INFO
Date        : 2020-10-20T12:20:11+0200
Description : ++++++++++++++++++++++++++++++++++++++++++++++++
              ++ The service 'durability' is now operational. 
              ++++++++++++++++++++++++++++++++++++++++++++++++
Node        : Zotac-Miron
Process     : publisher <19887>
Thread      : conflictResolver 7fad94f1d700
Internals   : 6.9.190403OSS/bb590263/bb590263/v_serviceChangeState/v_service.c/266/0/1603189211.453989179/0
========================================================================================
Report      : INFO
Date        : 2020-10-20T12:20:12+0200
Description : Termination request (signal 2) received from PID 19887 (self), UID 1000
Node        : Zotac-Miron
Process     : publisher <19887>
Thread      : signalHandler 7fad96568700
Internals   : 6.9.190403OSS/bb590263/bb590263/signalHandlerThread/os_signalHandler.c/632/0/1603189212.852541363/0
